SF:lib/src/animation/animation.dart
DA:14,1100
DA:16,550
DA:19,550
DA:22,550
DA:25,550
DA:53,252
DA:93,123
DA:96,66
DA:167,222
DA:169,222
DA:170,222
DA:173,21
DA:175,63
DA:192,21
DA:193,21
DA:195,21
DA:196,21
DA:199,9
DA:202,9
DA:205,5
DA:209,0
DA:210,21
LF:22
LH:21
end_of_record
SF:lib/src/animation/animation_controller.dart
DA:25,1100
DA:27,550
DA:30,550
DA:33,24
DA:39,550
DA:55,1100
DA:58,550
DA:65,550
DA:231,248
DA:240,0
DA:241,0
DA:242,248
DA:243,0
DA:245,744
DA:246,496
DA:265,61
DA:272,0
DA:273,0
DA:277,183
DA:278,61
DA:302,158
DA:319,1
DA:320,1
DA:321,3
DA:322,2
DA:335,247
DA:336,247
DA:358,201
DA:359,0
DA:360,201
DA:361,201
DA:362,201
DA:363,201
DA:380,2
DA:381,4
DA:388,40
DA:389,40
DA:391,150
DA:394,249
DA:395,996
DA:396,747
DA:397,248
DA:398,594
DA:399,170
DA:401,246
DA:411,50
DA:420,704
DA:424,249
DA:425,249
DA:439,206
DA:440,206
DA:441,206
DA:442,1
DA:449,206
DA:451,206
DA:455,206
DA:457,47
DA:458,412
DA:472,100
DA:473,100
DA:474,101
DA:475,1
DA:482,100
DA:484,100
DA:488,100
DA:490,2
DA:491,200
DA:506,50
DA:508,50
DA:512,50
DA:513,50
DA:528,6
DA:530,6
DA:534,5
DA:535,5
DA:538,213
DA:540,426
DA:541,1
DA:542,1
DA:548,1
DA:554,206
DA:555,414
DA:556,1
DA:564,206
DA:565,618
DA:566,1030
DA:568,512
DA:569,5
DA:570,206
DA:571,206
DA:572,96
DA:576,213
DA:577,213
DA:578,336
DA:579,4
DA:580,1
DA:582,504
DA:585,168
DA:586,168
DA:588,162
DA:589,162
DA:590,486
DA:608,6
DA:609,6
DA:610,6
DA:611,6
DA:612,6
DA:614,1
DA:622,6
DA:623,6
DA:624,24
DA:625,0
DA:626,18
DA:640,8
DA:641,16
DA:642,26
DA:643,21
DA:645,8
DA:646,16
DA:648,1
DA:653,1
DA:657,32
DA:658,8
DA:659,8
DA:669,56
DA:671,56
DA:675,56
DA:676,56
DA:679,175
DA:680,0
DA:681,175
DA:682,175
DA:683,175
DA:684,875
DA:685,350
DA:686,525
DA:689,175
DA:710,225
DA:712,225
DA:716,225
DA:717,225
DA:718,450
DA:727,239
DA:729,239
DA:730,239
DA:731,2
DA:732,1
DA:733,3
DA:734,1
DA:735,2
DA:742,239
DA:743,478
DA:744,239
DA:745,239
DA:749,225
DA:750,225
DA:751,450
DA:752,225
DA:753,225
DA:757,174
DA:758,174
DA:759,522
DA:760,174
DA:761,1044
DA:762,348
DA:763,447
DA:766,149
DA:768,174
DA:769,174
DA:772,21
DA:774,21
DA:775,63
DA:776,51
DA:777,84
DA:778,21
DA:783,162
DA:784,0
DA:785,0
DA:786,324
DA:787,486
DA:794,162
DA:796,486
DA:797,162
DA:798,162
DA:799,143
DA:800,143
DA:802,968
DA:805,6
DA:807,12
DA:808,42
DA:811,161
DA:812,322
DA:816,6
DA:817,12
DA:818,36
DA:819,12
DA:820,12
DA:830,6
DA:832,6
DA:834,12
DA:835,18
DA:836,24
DA:838,6
DA:839,3
DA:841,18
DA:845,0
DA:846,0
DA:848,6
LF:208
LH:196
end_of_record
SF:lib/src/animation/animations.dart
DA:17,29
DA:19,27
DA:22,26
DA:25,25
DA:28,25
DA:31,25
DA:34,27
DA:37,2
DA:46,550
DA:49,155
DA:51,154
DA:54,138
DA:57,155
DA:60,138
DA:63,60
DA:66,63
DA:69,1
DA:78,550
DA:91,4
DA:96,1
DA:99,1
DA:102,0
DA:105,0
DA:108,1
DA:111,1
DA:113,3
DA:138,597
DA:143,264
DA:148,249
DA:153,27
DA:156,120
DA:172,155
DA:173,155
DA:174,155
DA:175,10
DA:176,10
DA:187,56
DA:189,155
DA:190,310
DA:192,27
DA:193,78
DA:194,78
DA:195,26
DA:196,26
DA:198,27
DA:199,27
DA:200,27
DA:201,27
DA:202,108
DA:203,26
DA:204,108
DA:205,81
DA:206,27
DA:207,27
DA:211,155
DA:213,155
DA:214,465
DA:215,465
DA:219,138
DA:221,138
DA:222,414
DA:223,414
DA:227,155
DA:228,464
DA:230,152
DA:231,455
DA:233,2
DA:235,2
DA:236,5
DA:237,6
DA:262,70
DA:263,0
DA:268,70
DA:270,70
DA:271,140
DA:274,11
DA:276,22
DA:277,11
DA:280,70
DA:282,210
DA:285,11
DA:287,33
DA:290,10
DA:291,20
DA:294,16
DA:295,48
DA:297,70
DA:298,210
DA:300,19
DA:301,0
DA:303,19
DA:304,16
DA:305,16
DA:306,6
DA:311,1
DA:313,3
DA:372,235
DA:376,0
DA:377,0
DA:378,705
DA:379,705
DA:411,235
DA:413,235
DA:414,148
DA:415,235
DA:417,122
DA:418,122
DA:420,42
DA:421,42
DA:426,235
DA:427,503
DA:430,235
DA:432,490
DA:434,470
DA:437,370
DA:438,235
DA:439,235
DA:440,470
DA:441,235
DA:442,1
DA:445,1
DA:450,235
DA:453,89
DA:456,2
DA:458,2
DA:459,3
DA:460,2
DA:461,8
DA:462,4
DA:466,2200
DA:494,84
DA:495,0
DA:496,84
DA:497,420
DA:498,52
DA:499,26
DA:500,355
DA:501,69
DA:503,25
DA:504,5
DA:507,252
DA:508,252
DA:509,226
DA:510,110
DA:517,42
DA:530,35
DA:531,35
DA:532,70
DA:533,35
DA:534,35
DA:536,35
DA:539,26
DA:540,52
DA:543,37
DA:544,37
DA:546,37
DA:547,19
DA:548,19
DA:549,19
DA:550,10
DA:552,18
DA:553,90
DA:557,6
DA:558,12
DA:559,12
DA:560,12
DA:561,6
DA:562,18
DA:563,18
DA:566,37
DA:567,74
DA:568,37
DA:569,37
DA:571,37
DA:572,6
DA:573,6
DA:576,84
DA:577,168
DA:581,20
DA:583,20
DA:584,60
DA:585,60
DA:586,20
DA:587,24
DA:588,20
DA:589,20
DA:592,1
DA:594,1
DA:595,4
DA:596,3
DA:614,67
DA:617,0
DA:618,0
DA:627,67
DA:629,201
DA:630,201
DA:631,201
DA:632,201
DA:635,1
DA:637,3
DA:638,3
DA:639,3
DA:640,3
DA:647,13
DA:649,78
DA:650,12
DA:651,26
DA:654,1
DA:656,4
DA:660,13
DA:661,39
DA:662,26
DA:663,26
DA:668,13
DA:669,39
DA:670,26
DA:671,13
DA:685,1
DA:688,1
DA:690,1
DA:691,6
DA:703,2
DA:705,1
DA:706,554
DA:718,134
DA:720,67
DA:721,818
LF:227
LH:218
end_of_record
SF:lib/src/animation/curves.dart
DA:29,550
DA:42,242
DA:43,484
DA:44,447
DA:47,128
DA:52,0
DA:54,0
DA:69,154
DA:71,1
DA:73,2
DA:81,550
DA:83,117
DA:97,5
DA:102,2
DA:104,4
DA:105,4
DA:108,1
DA:110,3
DA:127,85
DA:128,0
DA:129,0
DA:130,0
DA:145,23
DA:147,46
DA:148,46
DA:149,46
DA:150,46
DA:151,69
DA:152,161
DA:153,42
DA:155,34
DA:158,2
DA:160,4
DA:161,5
DA:162,8
DA:173,68
DA:180,6
DA:182,12
DA:183,12
DA:184,12
DA:210,186
DA:211,0
DA:212,0
DA:213,0
DA:214,0
DA:242,81
DA:243,567
DA:244,486
DA:245,162
DA:248,81
DA:253,162
DA:254,243
DA:255,243
DA:256,243
DA:257,80
DA:264,2
DA:266,20
DA:292,77
DA:297,10
DA:298,40
DA:300,1
DA:302,3
DA:314,148
DA:316,27
DA:321,27
DA:322,54
DA:328,1
DA:329,2
DA:330,2
DA:331,2
DA:332,2
DA:333,3
DA:334,2
DA:335,2
DA:336,3
DA:338,2
DA:339,3
DA:346,539
DA:348,1
DA:350,3
DA:358,11
DA:360,1
DA:362,1
DA:370,1
DA:372,1
DA:374,1
DA:375,5
DA:377,5
DA:394,1
DA:399,1
DA:401,2
DA:402,1
DA:403,10
DA:406,1
DA:408,3
DA:422,2
DA:427,1
DA:429,2
DA:430,11
DA:433,2
DA:435,6
DA:450,550
DA:455,1
DA:457,2
DA:458,2
DA:459,1
DA:460,11
DA:462,12
DA:465,1
DA:467,3
DA:520,0
DA:529,550
DA:538,531
DA:547,525
DA:552,533
DA:557,534
DA:564,527
DA:574,1
DA:585,1
DA:596,1
DA:609,1
DA:619,1
DA:632,1
DA:643,1
DA:653,1
DA:658,530
DA:665,528
DA:675,1
DA:686,1
DA:699,1
DA:712,1
DA:722,1
DA:732,1
DA:743,1
DA:753,1
DA:759,530
DA:768,1
DA:779,1
DA:793,1
DA:807,1
DA:818,1
DA:832,1
DA:846,1
DA:860,1
DA:869,537
DA:875,1
DA:880,1
DA:885,1
DA:890,1
DA:895,1
DA:900,2
DA:905,1
LF:152
LH:142
end_of_record
SF:lib/src/animation/listener_helpers.dart
DA:25,0
DA:26,0
DA:27,0
DA:28,0
DA:29,0
DA:38,0
DA:39,0
DA:40,0
DA:41,0
DA:42,0
DA:54,0
DA:65,0
DA:68,0
DA:72,0
DA:100,0
DA:101,0
DA:102,0
DA:108,0
DA:109,0
DA:111,0
DA:119,0
DA:120,0
DA:121,0
DA:123,0
DA:124,0
DA:126,0
DA:130,0
DA:131,0
DA:132,0
DA:133,0
DA:169,0
DA:170,0
DA:171,0
DA:177,0
DA:178,0
DA:180,0
DA:188,0
DA:189,0
DA:190,0
DA:192,0
DA:193,0
DA:195,0
DA:199,0
DA:200,0
DA:201,0
DA:202,0
LF:46
LH:0
end_of_record
SF:lib/src/animation/tween.dart
DA:27,238
DA:53,708
DA:65,225
DA:66,225
DA:73,141
DA:74,141
DA:79,225
DA:86,224
DA:87,672
DA:89,1
DA:91,4
DA:94,1
DA:96,3
DA:101,141
DA:106,141
DA:108,564
DA:111,1
DA:113,3
DA:216,238
DA:235,86
DA:237,86
DA:238,86
DA:239,516
DA:254,236
DA:256,236
DA:257,236
DA:258,187
DA:259,184
DA:260,102
DA:263,1
DA:264,4
DA:270,2
DA:271,0
DA:272,6
DA:281,2
DA:282,6
DA:301,256
DA:304,31
DA:305,93
DA:319,10
DA:322,5
DA:323,15
DA:337,22
DA:340,4
DA:341,12
DA:361,130
DA:365,42
DA:366,294
DA:386,8
DA:390,2
DA:391,14
DA:397,6
DA:400,3
DA:401,3
DA:403,0
DA:404,0
DA:437,149
DA:438,0
DA:443,149
DA:445,296
DA:446,596
DA:449,76
DA:452,0
DA:453,0
LF:64
LH:58
end_of_record
SF:lib/src/animation/tween_sequence.dart
DA:54,2
DA:55,0
DA:56,2
DA:57,4
DA:60,2
DA:61,4
DA:62,2
DA:65,8
DA:66,18
DA:67,6
DA:75,2
DA:76,4
DA:77,6
DA:78,4
DA:81,2
DA:83,4
DA:84,2
DA:85,8
DA:86,8
DA:87,6
DA:88,2
DA:91,0
DA:95,0
DA:96,0
DA:104,2
DA:107,0
DA:108,0
DA:109,2
DA:136,4
DA:141,10
DA:143,14
DA:145,0
DA:146,0
LF:33
LH:25
end_of_record
SF:lib/src/cupertino/action_sheet.dart
DA:14,550
DA:23,550
DA:37,550
DA:44,550
DA:48,550
DA:53,550
DA:55,550
DA:56,0
DA:102,1
DA:110,0
DA:113,1
DA:151,1
DA:152,1
DA:153,2
DA:154,1
DA:155,1
DA:156,1
DA:157,1
DA:159,2
DA:162,1
DA:164,1
DA:172,1
DA:173,3
DA:174,1
DA:178,1
DA:179,1
DA:180,1
DA:181,1
DA:182,1
DA:187,1
DA:188,3
DA:190,1
DA:191,1
DA:192,1
DA:193,1
DA:198,1
DA:200,1
DA:201,2
DA:202,1
DA:203,1
DA:204,1
DA:205,1
DA:207,1
DA:208,1
DA:209,1
DA:217,1
DA:218,1
DA:219,1
DA:223,2
DA:225,1
DA:226,0
DA:228,5
DA:231,1
DA:232,1
DA:237,1
DA:243,1
DA:264,1
DA:269,0
DA:270,0
DA:292,1
DA:296,1
DA:297,1
DA:300,1
DA:301,1
DA:304,1
DA:305,1
DA:307,1
DA:311,1
DA:313,1
DA:319,1
DA:321,1
DA:332,1
DA:335,1
DA:339,1
DA:340,1
DA:346,1
DA:348,1
DA:349,1
DA:352,0
DA:353,0
DA:354,0
DA:358,0
DA:359,0
DA:360,0
DA:364,0
DA:365,0
DA:366,0
DA:370,1
DA:372,1
DA:374,1
DA:375,1
DA:376,1
DA:377,1
DA:378,1
DA:379,1
DA:380,1
DA:382,2
DA:389,1
DA:393,1
DA:398,1
DA:400,1
DA:401,3
DA:405,1
DA:407,1
DA:412,2
DA:417,1
DA:418,1
DA:420,1
DA:421,1
DA:423,1
DA:425,1
DA:426,2
DA:428,1
DA:429,2
DA:433,1
DA:435,1
DA:436,3
DA:437,2
DA:438,3
DA:439,2
DA:442,1
DA:444,1
DA:447,0
DA:449,0
DA:452,0
DA:454,0
DA:455,0
DA:456,0
DA:457,0
DA:458,0
DA:461,0
DA:463,0
DA:464,0
DA:465,0
DA:466,0
DA:467,0
DA:471,0
DA:473,0
DA:474,0
DA:475,0
DA:476,0
DA:477,0
DA:481,1
DA:482,0
DA:484,1
DA:485,2
DA:487,1
DA:488,2
DA:513,1
DA:521,2
DA:523,1
DA:524,2
DA:525,1
DA:526,0
DA:528,1
DA:529,1
DA:530,2
DA:535,2
DA:537,1
DA:538,2
DA:539,1
DA:540,0
DA:542,1
DA:543,1
DA:544,2
DA:555,1
DA:557,1
DA:558,1
DA:559,0
DA:561,1
DA:562,0
DA:566,1
DA:568,1
DA:569,1
DA:570,2
DA:572,1
DA:573,2
DA:577,1
DA:579,1
DA:580,0
DA:582,1
DA:583,0
DA:587,1
DA:589,2
DA:590,2
DA:594,1
DA:596,1
DA:597,2
DA:599,1
DA:600,2
DA:604,0
DA:606,0
DA:607,0
DA:608,0
DA:610,0
DA:611,0
DA:616,1
DA:618,2
DA:621,1
DA:623,2
DA:626,1
DA:628,2
DA:629,2
DA:630,2
DA:631,3
DA:633,2
DA:634,2
DA:635,1
DA:640,1
DA:642,2
DA:643,2
DA:644,2
DA:645,3
DA:647,2
DA:648,2
DA:649,1
DA:654,1
DA:656,5
DA:657,5
DA:658,1
DA:660,4
DA:663,2
DA:664,4
DA:667,2
DA:670,2
DA:671,5
DA:674,2
DA:677,4
DA:680,4
DA:684,3
DA:685,2
DA:686,4
DA:689,1
DA:691,2
DA:692,4
DA:694,8
DA:696,2
DA:699,2
DA:700,4
DA:703,1
DA:704,1
DA:705,1
DA:706,1
DA:707,5
DA:708,2
DA:709,1
DA:711,1
DA:715,1
DA:717,2
DA:718,2
DA:719,1
DA:720,1
DA:722,1
DA:723,3
DA:724,2
DA:727,1
DA:728,1
DA:730,1
DA:731,3
DA:732,2
DA:740,1100
DA:741,550
DA:742,550
DA:751,1
DA:756,1
DA:777,1
DA:779,1
DA:780,1
DA:781,2
DA:788,1
DA:789,1
DA:790,1
DA:792,1
DA:797,1
DA:798,1
DA:799,1
DA:800,1
DA:803,1
DA:804,1
DA:806,1
DA:807,2
DA:810,1
DA:816,1
DA:817,0
DA:818,0
DA:819,0
DA:827,2
DA:828,1
DA:831,1
DA:832,1
DA:833,1
DA:834,1
DA:849,1
DA:854,0
DA:855,1
DA:868,1
DA:869,1
DA:873,1
DA:875,2
DA:877,1
DA:878,5
DA:879,1
DA:880,1
DA:881,3
DA:886,1
DA:887,1
DA:888,2
DA:889,1
DA:891,1
DA:892,2
DA:905,1
DA:911,1
DA:912,1
DA:918,1
DA:920,1
DA:921,1
DA:923,1
DA:926,0
DA:927,0
DA:929,0
DA:930,2
DA:944,1
DA:948,1
DA:952,1
DA:954,2
DA:955,1
DA:956,3
DA:957,0
DA:960,0
DA:961,0
DA:962,0
DA:970,1
DA:981,1
DA:988,1
DA:993,1
DA:995,1
DA:996,1
DA:997,1
DA:1001,0
DA:1003,0
DA:1004,0
DA:1029,1
DA:1035,1
DA:1039,2
DA:1041,0
DA:1042,0
DA:1046,0
DA:1047,0
DA:1051,2
DA:1052,0
DA:1053,0
DA:1057,0
DA:1058,0
DA:1073,1
DA:1075,2
DA:1076,2
DA:1079,1
DA:1081,2
DA:1084,1
DA:1086,2
DA:1089,1
DA:1091,2
DA:1093,2
DA:1094,4
DA:1095,3
DA:1096,1
DA:1097,1
DA:1102,1
DA:1103,4
DA:1104,2
DA:1105,2
DA:1106,4
DA:1107,2
DA:1109,2
DA:1110,4
DA:1111,5
DA:1112,3
DA:1118,1
DA:1119,2
DA:1120,2
DA:1121,2
DA:1122,5
DA:1125,1
DA:1127,2
DA:1129,2
DA:1130,4
DA:1131,1
DA:1136,1
DA:1137,2
DA:1139,4
DA:1141,1
DA:1143,2
DA:1144,1
DA:1149,1
DA:1151,2
DA:1156,1
DA:1160,1
DA:1165,2
DA:1166,1
DA:1167,2
DA:1169,3
DA:1170,3
DA:1172,2
DA:1175,1
DA:1176,1
DA:1179,3
DA:1180,3
DA:1184,1
DA:1186,1
DA:1187,1
DA:1188,1
DA:1191,1
DA:1192,2
DA:1194,1
DA:1195,1
DA:1196,6
DA:1198,1
DA:1200,1
DA:1204,1
DA:1207,2
DA:1208,1
DA:1209,1
DA:1213,2
DA:1215,1
DA:1216,1
DA:1219,2
DA:1221,1
DA:1222,1
DA:1223,1
DA:1224,2
DA:1225,1
DA:1228,1
DA:1229,1
DA:1230,3
DA:1231,2
DA:1232,2
DA:1238,0
DA:1239,0
DA:1246,1
DA:1247,1
DA:1250,1
DA:1251,4
DA:1254,1
DA:1257,2
DA:1258,2
DA:1259,2
DA:1262,1
DA:1263,1
DA:1265,1
DA:1266,3
DA:1267,1
DA:1271,1
DA:1273,1
LF:453
LH:382
end_of_record
SF:lib/src/cupertino/activity_indicator.dart
DA:20,511
DA:24,0
DA:25,0
DA:26,511
DA:27,511
DA:39,1
DA:40,1
DA:47,1
DA:49,1
DA:50,2
DA:55,2
DA:56,2
DA:59,1
DA:61,1
DA:62,4
DA:63,2
DA:64,2
DA:66,2
DA:70,1
DA:72,2
DA:73,1
DA:76,1
DA:78,1
DA:79,3
DA:80,3
DA:81,1
DA:82,1
DA:83,1
DA:84,2
DA:91,550
DA:93,550
DA:94,550
DA:95,550
DA:98,1
DA:101,1
DA:102,1
DA:103,2
DA:104,2
DA:105,3
DA:109,1
DA:114,1
DA:116,1
DA:118,1
DA:119,5
DA:121,4
DA:123,2
DA:124,4
DA:125,2
DA:126,2
DA:127,3
DA:130,1
DA:133,1
DA:135,3
LF:53
LH:51
end_of_record
SF:lib/src/cupertino/app.dart
DA:69,21
DA:93,0
DA:94,0
DA:95,0
DA:96,0
DA:97,0
DA:98,0
DA:99,0
DA:100,0
DA:101,21
DA:194,21
DA:195,21
DA:200,21
DA:201,21
DA:205,13
DA:211,13
DA:220,21
DA:222,21
DA:223,42
DA:224,21
DA:227,8
DA:229,8
DA:230,32
DA:235,0
DA:237,8
DA:242,21
DA:243,42
DA:244,6
DA:245,4
DA:246,0
DA:247,84
DA:248,42
DA:250,0
DA:259,21
DA:260,42
DA:261,2
DA:265,21
DA:267,42
DA:269,21
DA:270,21
DA:271,21
DA:273,21
DA:274,21
DA:275,42
DA:276,21
DA:277,21
DA:278,21
DA:279,42
DA:280,42
DA:281,42
DA:282,42
DA:283,42
DA:284,42
DA:285,42
DA:286,42
DA:287,42
DA:288,42
DA:289,42
DA:290,21
DA:291,42
DA:292,42
DA:293,42
DA:294,42
DA:295,42
DA:296,42
DA:297,42
DA:298,42
DA:299,0
DA:300,0
LF:69
LH:56
end_of_record
SF:lib/src/cupertino/bottom_tab_bar.dart
DA:15,550
DA:40,5
DA:56,0
DA:58,11
DA:61,0
DA:62,15
DA:63,0
DA:64,0
DA:65,5
DA:118,5
DA:123,5
DA:125,15
DA:126,10
DA:129,5
DA:131,15
DA:133,5
DA:134,5
DA:135,5
DA:136,15
DA:138,5
DA:139,5
DA:140,5
DA:141,5
DA:142,5
DA:143,5
DA:145,5
DA:146,25
DA:147,5
DA:148,5
DA:149,5
DA:152,5
DA:160,5
DA:162,5
DA:163,5
DA:164,5
DA:173,5
DA:174,5
DA:176,20
DA:177,10
DA:178,5
DA:179,5
DA:181,5
DA:182,5
DA:185,20
DA:186,5
DA:188,15
DA:189,5
DA:191,5
DA:193,15
DA:207,5
DA:208,5
DA:209,5
DA:210,15
DA:214,5
DA:215,10
DA:222,5
DA:226,15
DA:227,5
DA:228,5
DA:229,5
DA:230,5
DA:238,5
DA:249,5
DA:250,5
DA:251,5
DA:252,5
DA:253,5
DA:254,5
DA:255,5
DA:256,5
DA:257,0
DA:258,0
LF:72
LH:66
end_of_record
SF:lib/src/cupertino/button.dart
DA:10,550
DA:12,550
DA:14,550
DA:15,550
DA:30,13
DA:40,26
DA:42,13
DA:50,1
DA:59,2
DA:62,1
DA:121,26
DA:123,13
DA:124,13
DA:126,0
DA:128,0
DA:129,0
DA:135,11
DA:136,11
DA:142,13
DA:144,13
DA:145,26
DA:150,26
DA:151,26
DA:152,26
DA:153,13
DA:156,8
DA:158,8
DA:159,8
DA:162,13
DA:163,52
DA:166,13
DA:168,26
DA:169,13
DA:170,13
DA:175,11
DA:176,11
DA:177,11
DA:178,11
DA:182,11
DA:183,11
DA:184,11
DA:185,11
DA:189,1
DA:190,1
DA:191,1
DA:192,1
DA:196,11
DA:197,22
DA:199,11
DA:200,11
DA:201,22
DA:202,18
DA:203,20
DA:204,27
DA:205,8
DA:209,13
DA:211,26
DA:212,26
DA:213,46
DA:215,8
DA:220,52
DA:222,13
DA:224,13
DA:225,13
DA:226,13
DA:227,26
DA:228,13
DA:230,13
DA:231,26
DA:233,13
DA:234,26
DA:235,26
DA:237,13
DA:238,13
DA:239,13
DA:240,13
DA:241,26
DA:243,2
DA:246,13
DA:247,26
DA:250,13
DA:253,13
DA:255,13
DA:256,13
DA:257,26
LF:85
LH:82
end_of_record
SF:lib/src/cupertino/colors.dart
DA:10,0
DA:16,539
DA:23,496
DA:29,500
DA:39,503
DA:49,500
DA:54,502
DA:59,0
DA:64,497
DA:72,550
DA:81,537
LF:11
LH:9
end_of_record
SF:lib/src/cupertino/date_picker.dart
DA:25,550
DA:27,550
DA:31,1
DA:32,3
DA:43,1
DA:46,0
DA:47,0
DA:55,1
DA:57,1
DA:59,4
DA:60,5
DA:64,4
DA:65,2
DA:67,4
DA:68,5
DA:69,2
DA:73,1
DA:74,1
DA:75,1
DA:76,1
DA:77,1
DA:80,1
DA:81,1
DA:88,1
DA:89,554
DA:90,2
DA:92,1
DA:96,1
DA:98,3
DA:99,0
DA:110,1100
DA:116,550
DA:122,550
DA:129,550
DA:133,1100
DA:135,550
DA:137,550
DA:139,550
DA:141,550
DA:143,550
DA:145,550
DA:147,550
DA:203,1
DA:213,1
DA:214,1
DA:215,1
DA:216,0
DA:218,3
DA:221,1
DA:223,3
DA:227,3
DA:231,8
DA:235,3
DA:239,5
DA:284,1
DA:290,4
DA:291,1
DA:293,1
DA:297,1
DA:305,1
DA:308,2
DA:311,2
DA:312,3
DA:316,1
DA:317,2
DA:318,1
DA:319,3
DA:323,1
DA:324,2
DA:325,1
DA:326,3
DA:330,1
DA:332,5
DA:333,0
DA:334,1
DA:336,1
DA:337,2
DA:338,1
DA:339,3
DA:343,1
DA:344,2
DA:345,1
DA:346,3
DA:350,1
DA:351,1
DA:355,1
DA:357,1
DA:358,1
DA:359,1
DA:362,1
DA:368,1
DA:370,1
DA:424,1
DA:426,1
DA:427,3
DA:428,1
DA:429,4
DA:430,4
DA:431,1
DA:433,2
DA:434,3
DA:435,3
DA:436,2
DA:437,1
DA:439,3
DA:442,2
DA:445,1
DA:447,1
DA:450,4
DA:455,1
DA:457,1
DA:459,4
DA:460,3
DA:462,3
DA:463,3
DA:465,2
DA:469,1
DA:470,3
DA:471,3
DA:472,3
DA:475,3
DA:479,1
DA:480,1
DA:481,2
DA:482,2
DA:483,2
DA:484,3
DA:486,1
DA:487,1
DA:488,1
DA:489,1
DA:490,8
DA:491,1
DA:496,1
DA:497,1
DA:498,2
DA:505,0
DA:506,0
DA:507,0
DA:509,1
DA:510,1
DA:511,2
DA:512,2
DA:513,2
DA:514,2
DA:516,2
DA:518,2
DA:521,1
DA:524,5
DA:525,0
DA:527,2
DA:530,1
DA:532,1
DA:534,1
DA:541,1
DA:542,1
DA:543,2
DA:550,1
DA:551,2
DA:552,0
DA:553,0
DA:555,2
DA:560,4
DA:561,2
DA:563,1
DA:565,2
DA:566,3
DA:571,3
DA:575,1
DA:577,2
DA:579,2
DA:580,3
DA:582,1
DA:583,1
DA:584,1
DA:585,2
DA:586,2
DA:587,2
DA:595,1
DA:596,1
DA:597,5
DA:604,1
DA:605,4
DA:606,3
DA:608,5
DA:609,3
DA:610,1
DA:611,1
DA:612,1
DA:613,2
DA:614,2
DA:615,2
DA:623,1
DA:624,1
DA:625,1
DA:632,1
DA:633,1
DA:634,3
DA:636,2
DA:637,1
DA:638,1
DA:639,1
DA:640,1
DA:641,2
DA:642,2
DA:643,2
DA:650,1
DA:653,1
DA:654,1
DA:655,1
DA:657,1
DA:658,1
DA:659,1
DA:663,2
DA:664,3
DA:665,0
DA:666,2
DA:667,2
DA:669,0
DA:670,0
DA:675,3
DA:676,3
DA:677,3
DA:678,0
DA:679,0
DA:681,2
DA:682,2
DA:686,1
DA:688,3
DA:690,1
DA:691,3
DA:692,3
DA:693,2
DA:696,3
DA:697,1
DA:698,3
DA:699,0
DA:701,2
DA:703,2
DA:705,1
DA:706,1
DA:707,3
DA:708,1
DA:709,1
DA:711,1
DA:712,5
DA:713,4
DA:715,2
DA:724,1
DA:726,1
DA:728,1
DA:729,1
DA:731,1
DA:762,1
DA:764,1
DA:765,4
DA:766,4
DA:767,4
DA:769,4
DA:772,1
DA:774,1
DA:776,4
DA:777,3
DA:779,3
DA:780,3
DA:782,6
DA:783,6
DA:784,6
DA:787,1
DA:788,6
DA:789,1
DA:790,1
DA:797,1
DA:798,2
DA:799,7
DA:800,6
DA:802,2
DA:803,2
DA:804,1
DA:805,1
DA:807,1
DA:808,1
DA:809,1
DA:810,3
DA:819,1
DA:820,1
DA:821,3
DA:828,1
DA:829,2
DA:830,7
DA:831,0
DA:833,2
DA:834,1
DA:835,1
DA:836,1
DA:837,3
DA:838,2
DA:846,1
DA:847,1
DA:848,2
DA:854,0
DA:855,0
DA:856,0
DA:857,0
DA:859,1
DA:860,3
DA:863,2
DA:866,1
DA:868,1
DA:869,2
DA:870,1
DA:877,1
DA:880,5
DA:881,2
DA:882,3
DA:883,2
DA:885,3
DA:891,2
DA:898,1
DA:900,1
DA:901,1
DA:903,2
DA:904,1
DA:905,4
DA:906,1
DA:907,3
DA:908,3
DA:909,3
DA:911,0
DA:912,0
DA:913,0
DA:914,0
DA:915,0
DA:916,0
DA:918,0
DA:919,0
DA:920,0
DA:921,0
DA:922,0
DA:923,0
DA:925,0
DA:926,0
DA:927,0
DA:928,0
DA:929,0
DA:930,0
DA:933,0
DA:936,1
DA:938,3
DA:939,4
DA:942,3
DA:945,2
DA:947,2
DA:949,1
DA:950,1
DA:951,3
DA:952,1
DA:953,1
DA:954,1
DA:955,1
DA:956,3
DA:957,2
DA:966,1
DA:968,1
DA:969,1
DA:970,1
DA:972,1
DA:973,1
DA:975,1
DA:1003,1100
DA:1007,550
DA:1011,550
DA:1015,550
DA:1049,1
DA:1055,0
DA:1056,1
DA:1057,2
DA:1058,2
DA:1059,4
DA:1060,4
DA:1061,3
DA:1062,3
DA:1081,1
DA:1082,1
DA:1099,1
DA:1101,1
DA:1103,5
DA:1105,3
DA:1106,4
DA:1108,3
DA:1109,5
DA:1113,1
DA:1114,1
DA:1121,1
DA:1123,1
DA:1125,5
DA:1126,3
DA:1128,3
DA:1129,3
DA:1132,1
DA:1133,1
DA:1134,2
DA:1135,3
DA:1139,0
DA:1140,0
DA:1141,0
DA:1142,0
DA:1143,0
DA:1144,0
DA:1145,0
DA:1146,0
DA:1149,2
DA:1151,4
DA:1153,2
DA:1154,5
DA:1155,5
DA:1157,1
DA:1160,1
DA:1161,1
DA:1162,2
DA:1163,1
DA:1164,1
DA:1165,1
DA:1166,1
DA:1169,3
DA:1177,1
DA:1178,1
DA:1179,1
DA:1180,1
DA:1181,1
DA:1182,1
DA:1185,3
DA:1186,0
DA:1187,1
DA:1188,4
DA:1193,1
DA:1194,1
DA:1195,1
DA:1201,1
DA:1203,3
DA:1204,0
DA:1205,3
DA:1208,0
DA:1210,1
DA:1211,1
DA:1212,4
DA:1218,1
DA:1219,2
DA:1220,4
DA:1221,2
DA:1222,1
DA:1223,1
DA:1224,1
DA:1225,1
DA:1228,5
DA:1229,3
DA:1231,2
DA:1232,5
DA:1233,5
DA:1235,3
DA:1236,0
DA:1239,0
DA:1240,0
DA:1241,0
DA:1244,0
DA:1245,0
DA:1247,0
DA:1252,1
DA:1255,1
DA:1256,1
DA:1257,1
DA:1258,1
DA:1259,3
DA:1260,0
DA:1261,1
DA:1264,3
DA:1273,1
DA:1276,3
DA:1277,0
DA:1278,0
DA:1279,0
DA:1280,0
DA:1283,0
DA:1284,0
DA:1287,0
DA:1292,1
DA:1293,1
DA:1294,1
DA:1295,1
DA:1296,1
DA:1297,3
DA:1298,0
DA:1299,1
DA:1302,4
DA:1308,1
DA:1309,1
DA:1310,1
DA:1317,1
DA:1318,2
DA:1321,4
DA:1323,1
DA:1324,1
DA:1325,4
DA:1331,1
DA:1332,2
DA:1333,4
DA:1334,2
DA:1335,1
DA:1336,1
DA:1337,1
DA:1338,1
DA:1341,5
DA:1342,3
DA:1344,2
DA:1345,5
DA:1346,5
DA:1348,1
DA:1351,1
DA:1352,1
DA:1353,1
DA:1354,1
DA:1358,3
DA:1366,1
DA:1368,4
DA:1370,1
DA:1371,1
DA:1372,1
DA:1373,2
DA:1374,1
DA:1375,1
DA:1376,1
DA:1377,1
DA:1380,4
DA:1384,1
DA:1385,1
DA:1386,1
DA:1392,1
DA:1400,3
DA:1401,0
DA:1402,0
DA:1403,0
DA:1404,0
DA:1407,3
DA:1408,0
DA:1409,0
DA:1410,0
DA:1411,0
DA:1415,1
DA:1416,1
DA:1417,2
DA:1418,1
DA:1419,1
DA:1420,1
DA:1422,2
DA:1427,1
LF:555
LH:478
end_of_record
SF:lib/src/cupertino/dialog.dart
DA:18,550
DA:28,550
DA:39,550
DA:59,550
DA:73,550
DA:77,550
DA:82,550
DA:100,1
DA:101,1
DA:102,2
DA:134,1
DA:141,0
DA:142,1
DA:185,1
DA:186,1
DA:188,2
DA:189,1
DA:190,1
DA:191,1
DA:192,1
DA:194,2
DA:197,1
DA:199,1
DA:207,1
DA:208,1
DA:211,2
DA:212,1
DA:213,1
DA:214,1
DA:221,1
DA:223,1
DA:224,1
DA:225,2
DA:226,1
DA:227,2
DA:229,550
DA:231,1
DA:232,1
DA:233,1
DA:234,1
DA:239,1
DA:241,1
DA:245,1
DA:246,1
DA:247,1
DA:248,1
DA:277,0
DA:280,0
DA:285,0
DA:287,0
DA:288,0
DA:290,0
DA:291,0
DA:315,1
DA:319,1
DA:334,1
DA:336,1
DA:337,1
DA:338,1
DA:339,1
DA:340,1
DA:342,1
DA:343,1
DA:344,1
DA:357,1
DA:361,1
DA:366,1
DA:368,1
DA:369,3
DA:370,1
DA:374,1
DA:376,2
DA:379,1
DA:381,1
DA:386,2
DA:391,1
DA:392,1
DA:394,1
DA:395,1
DA:397,1
DA:399,1
DA:400,2
DA:402,1
DA:403,2
DA:407,1
DA:409,1
DA:410,5
DA:411,5
DA:414,1
DA:416,0
DA:418,1
DA:419,2
DA:421,1
DA:422,2
DA:427,0
DA:429,0
DA:432,1
DA:434,1
DA:435,5
DA:436,5
DA:439,0
DA:441,0
DA:442,0
DA:443,0
DA:445,0
DA:446,0
DA:450,0
DA:452,0
DA:453,0
DA:454,0
DA:456,0
DA:457,0
DA:487,1
DA:497,2
DA:499,1
DA:500,2
DA:501,1
DA:502,0
DA:504,1
DA:505,1
DA:506,2
DA:511,2
DA:513,1
DA:514,2
DA:515,1
DA:516,0
DA:518,1
DA:519,1
DA:520,2
DA:525,2
DA:527,1
DA:528,2
DA:529,0
DA:530,0
DA:534,2
DA:544,1
DA:546,1
DA:547,1
DA:548,2
DA:550,1
DA:551,2
DA:555,1
DA:557,1
DA:558,1
DA:559,2
DA:561,1
DA:562,2
DA:566,1
DA:568,1
DA:569,0
DA:571,1
DA:572,0
DA:576,1
DA:578,2
DA:579,2
DA:583,1
DA:585,1
DA:586,2
DA:588,1
DA:589,2
DA:593,0
DA:595,0
DA:596,0
DA:597,0
DA:599,0
DA:600,0
DA:605,1
DA:607,1
DA:610,1
DA:612,1
DA:615,1
DA:617,2
DA:618,2
DA:619,2
DA:620,3
DA:622,1
DA:627,1
DA:629,2
DA:630,2
DA:631,2
DA:632,3
DA:634,1
DA:639,1
DA:641,1
DA:644,1
DA:649,1
DA:653,1
DA:654,4
DA:655,4
DA:656,1
DA:658,3
DA:661,2
DA:662,4
DA:665,2
DA:668,2
DA:669,5
DA:672,2
DA:675,4
DA:678,3
DA:679,2
DA:684,3
DA:685,2
DA:686,4
DA:689,1
DA:690,4
DA:691,4
DA:692,1
DA:694,3
DA:695,3
DA:699,5
DA:706,2
DA:707,6
DA:710,2
DA:713,2
DA:714,5
DA:717,2
DA:722,0
DA:723,0
DA:726,0
DA:729,0
DA:730,0
DA:733,0
DA:737,4
DA:740,3
DA:741,2
DA:746,3
DA:747,2
DA:748,4
DA:751,1
DA:753,2
DA:754,4
DA:756,8
DA:758,2
DA:761,2
DA:762,4
DA:765,1
DA:766,1
DA:767,1
DA:768,1
DA:769,5
DA:770,2
DA:771,1
DA:773,1
DA:777,1
DA:779,2
DA:780,2
DA:781,1
DA:782,1
DA:784,1
DA:785,3
DA:786,2
DA:789,1
DA:790,1
DA:792,1
DA:793,3
DA:794,2
DA:802,1100
DA:803,550
DA:804,550
DA:813,1
DA:818,1
DA:839,1
DA:841,2
DA:842,1
DA:843,1
DA:844,2
DA:845,1
DA:848,1
DA:849,1
DA:851,1
DA:854,1
DA:859,1
DA:860,1
DA:861,1
DA:862,1
DA:865,1
DA:866,1
DA:868,1
DA:871,1
DA:877,1
DA:878,0
DA:879,0
DA:880,0
DA:884,1
DA:885,1
DA:886,1
DA:887,1
DA:902,1
DA:906,0
DA:907,1
DA:918,1
DA:919,1
DA:923,1
DA:925,2
DA:927,1
DA:928,5
DA:929,1
DA:930,1
DA:931,3
DA:936,1
DA:937,1
DA:938,2
DA:939,1
DA:941,1
DA:954,1
DA:960,1
DA:961,1
DA:967,1
DA:969,1
DA:970,1
DA:971,1
DA:973,1
DA:976,3
DA:977,1
DA:979,3
DA:980,1
DA:983,0
DA:984,2
DA:999,1
DA:1003,1
DA:1007,1
DA:1009,2
DA:1010,1
DA:1011,3
DA:1012,2
DA:1015,1
DA:1016,1
DA:1017,1
DA:1025,1
DA:1040,1
DA:1046,0
DA:1047,0
DA:1048,0
DA:1089,2
DA:1091,1
DA:1092,2
DA:1099,1
DA:1104,1
DA:1108,1
DA:1113,3
DA:1114,1
DA:1116,1
DA:1117,1
DA:1119,1
DA:1121,1
DA:1122,1
DA:1123,3
DA:1125,1
DA:1127,1
DA:1128,1
DA:1145,1
DA:1149,1
DA:1156,1
DA:1159,2
DA:1161,1
DA:1162,1
DA:1165,1
DA:1166,1
DA:1169,1
DA:1170,3
DA:1179,1
DA:1180,1
DA:1182,1
DA:1184,1
DA:1187,1
DA:1190,1
DA:1192,1
DA:1194,1
DA:1198,1
DA:1200,2
DA:1216,1
DA:1221,1
DA:1225,1
DA:1227,1
DA:1228,1
DA:1231,1
DA:1235,1
DA:1237,2
DA:1240,2
DA:1281,1
DA:1287,1
DA:1290,2
DA:1292,1
DA:1293,2
DA:1294,0
DA:1295,0
DA:1300,2
DA:1302,1
DA:1303,2
DA:1304,0
DA:1305,0
DA:1321,1
DA:1322,1
DA:1324,2
DA:1325,1
DA:1326,1
DA:1329,1
DA:1333,1
DA:1334,1
DA:1336,2
DA:1337,1
DA:1338,1
DA:1341,1
DA:1346,1
DA:1348,2
DA:1349,2
DA:1352,1
DA:1354,1
DA:1357,1
DA:1359,1
DA:1362,1
DA:1365,2
DA:1367,2
DA:1369,1
DA:1371,3
DA:1373,1
DA:1377,1
DA:1385,1
DA:1386,4
DA:1389,2
DA:1390,2
DA:1392,3
DA:1393,550
DA:1394,2
DA:1395,2
DA:1403,1
DA:1404,2
DA:1406,2
DA:1407,2
DA:1408,5
DA:1411,1
DA:1414,2
DA:1417,2
DA:1419,2
DA:1420,2
DA:1422,1
DA:1425,3
DA:1426,550
DA:1427,2
DA:1428,2
DA:1433,1
DA:1438,1
DA:1445,1
DA:1446,2
DA:1448,4
DA:1450,1
DA:1452,2
DA:1453,1
DA:1458,1
DA:1460,2
DA:1462,2
DA:1465,2
DA:1466,2
DA:1467,3
DA:1468,1
DA:1475,1
DA:1477,2
DA:1478,2
DA:1481,2
DA:1482,1
DA:1486,3
DA:1487,5
DA:1491,1
DA:1492,5
DA:1493,5
DA:1499,2
DA:1503,2
DA:1509,3
DA:1510,2
DA:1511,7
DA:1514,3
DA:1515,1
DA:1516,1
DA:1517,550
DA:1518,3
DA:1519,3
DA:1526,2
DA:1531,1
DA:1535,1
DA:1540,2
DA:1541,1
DA:1542,2
DA:1544,3
DA:1545,3
DA:1547,2
DA:1550,1
DA:1551,1
DA:1555,3
DA:1556,2
DA:1561,1
DA:1563,1
DA:1565,3
DA:1566,1
DA:1568,1
DA:1571,1
DA:1574,1
DA:1578,3
DA:1579,1
DA:1580,5
DA:1581,1
DA:1582,1
DA:1583,550
DA:1584,3
DA:1585,3
DA:1590,2
DA:1591,0
DA:1593,0
DA:1594,0
DA:1595,0
DA:1596,0
DA:1597,0
DA:1599,1
DA:1602,1
DA:1603,1
DA:1604,6
DA:1605,1
DA:1607,2
DA:1608,0
DA:1611,1
DA:1613,1
DA:1617,1
DA:1618,2
DA:1619,0
DA:1622,1
DA:1624,1
DA:1628,1
DA:1629,1
DA:1631,1
DA:1633,1
DA:1637,1
DA:1638,2
DA:1640,1
DA:1641,1
DA:1642,6
DA:1644,1
DA:1646,1
DA:1650,1
DA:1653,2
DA:1654,1
DA:1655,1
DA:1659,2
DA:1661,1
DA:1662,1
DA:1665,2
DA:1667,1
DA:1668,1
DA:1669,1
DA:1670,2
DA:1671,1
DA:1674,1
DA:1675,1
DA:1676,3
DA:1677,2
DA:1678,2
DA:1684,1
DA:1685,1
DA:1692,1
DA:1693,1
DA:1696,1
DA:1697,4
DA:1700,1
DA:1703,2
DA:1704,2
DA:1705,2
DA:1708,1
DA:1709,1
DA:1711,1
DA:1712,3
DA:1713,1
DA:1717,1
DA:1719,1
LF:571
LH:510
end_of_record
SF:lib/src/cupertino/icons.dart
DA:29,0
DA:40,0
DA:43,0
DA:51,0
DA:59,0
DA:66,1
DA:73,0
DA:80,0
DA:87,0
DA:90,0
DA:95,0
DA:98,0
DA:101,0
DA:104,0
DA:107,0
DA:110,0
DA:113,36
DA:120,0
DA:128,0
DA:135,0
DA:142,0
DA:149,0
DA:152,486
DA:155,0
DA:158,0
DA:161,0
DA:164,0
DA:167,0
DA:170,0
DA:173,486
DA:176,0
DA:179,0
DA:182,0
DA:185,0
DA:188,0
DA:191,0
DA:194,0
DA:197,0
DA:200,0
DA:205,0
DA:210,0
DA:218,0
DA:226,0
DA:234,0
DA:242,0
DA:250,0
DA:258,0
DA:266,0
DA:273,0
DA:280,0
DA:287,0
DA:294,0
DA:302,0
DA:310,0
DA:317,0
DA:324,0
DA:331,0
DA:338,0
DA:345,0
DA:352,0
DA:361,0
DA:370,0
DA:380,0
DA:388,0
DA:396,0
DA:403,0
DA:411,0
DA:419,0
DA:427,0
DA:435,489
DA:443,0
DA:451,0
DA:458,0
DA:466,1
DA:474,0
DA:482,1
DA:491,0
DA:499,0
DA:507,0
DA:515,1
DA:523,0
DA:530,0
DA:537,0
DA:544,0
DA:551,0
DA:558,0
DA:565,0
DA:572,0
DA:579,0
DA:588,0
DA:597,0
DA:606,0
DA:615,0
DA:622,0
DA:629,0
DA:637,0
DA:645,0
DA:653,0
DA:662,0
DA:671,0
DA:680,0
DA:689,0
DA:696,0
DA:703,0
DA:710,0
DA:717,0
DA:726,0
DA:735,0
DA:744,0
DA:753,0
DA:761,0
DA:769,0
DA:772,0
DA:775,0
DA:778,0
DA:781,0
DA:788,0
DA:795,0
DA:802,0
DA:809,0
DA:812,0
DA:819,0
DA:826,0
DA:833,0
DA:840,0
DA:847,0
DA:854,0
DA:861,0
DA:868,0
DA:875,0
DA:882,0
DA:889,0
DA:896,0
DA:903,0
DA:910,0
DA:917,0
DA:924,0
DA:931,0
DA:938,0
LF:139
LH:8
end_of_record
SF:lib/src/cupertino/localizations.dart
DA:14,1100
DA:18,550
DA:22,550
DA:26,550
DA:30,550
DA:34,1100
DA:38,550
DA:42,550
DA:46,550
DA:50,550
DA:229,7
DA:230,7
DA:235,173
DA:237,150
DA:238,300
DA:240,150
DA:241,150
DA:243,65
DA:246,0
DA:257,151
DA:259,3
DA:269,3
DA:284,2
DA:301,2
DA:302,2
DA:304,2
DA:305,4
DA:307,2
DA:308,2
DA:310,2
DA:311,2
DA:313,2
DA:314,4
DA:316,2
DA:317,4
DA:319,2
DA:321,2
DA:323,4
DA:326,3
DA:328,9
DA:329,9
DA:330,9
DA:333,2
DA:336,2
DA:339,2
DA:342,2
DA:345,0
DA:348,1
DA:351,2
DA:352,2
DA:354,2
DA:355,2
DA:357,2
DA:358,2
DA:360,2
DA:361,2
DA:363,2
DA:366,2
DA:369,3
DA:372,3
DA:375,3
DA:378,5
DA:387,150
DA:388,150
DA:393,479
LF:65
LH:63
end_of_record
SF:lib/src/cupertino/nav_bar.dart
DA:37,550
DA:39,550
DA:41,550
DA:51,550
DA:54,550
DA:59,0
DA:60,0
DA:62,5
DA:67,12
DA:71,12
DA:74,4
DA:76,8
DA:85,5
DA:93,10
DA:97,5
DA:103,5
DA:104,5
DA:111,10
DA:114,5
DA:115,5
DA:116,5
DA:126,5
DA:131,1
DA:132,2
DA:138,5
DA:139,5
DA:144,10
DA:189,5
DA:203,0
DA:204,0
DA:205,0
DA:207,0
DA:212,0
DA:216,5
DA:364,5
DA:365,11
DA:367,5
DA:372,5
DA:374,5
DA:384,5
DA:386,5
DA:387,10
DA:390,5
DA:393,18
DA:395,5
DA:396,5
DA:397,5
DA:398,10
DA:399,10
DA:400,10
DA:401,10
DA:402,10
DA:403,10
DA:404,10
DA:409,5
DA:410,10
DA:412,5
DA:413,15
DA:414,5
DA:416,10
DA:421,15
DA:423,9
DA:426,5
DA:428,10
DA:430,5
DA:432,5
DA:433,5
DA:434,15
DA:435,10
DA:436,0
DA:437,5
DA:438,5
DA:439,5
DA:441,5
DA:442,5
DA:444,15
DA:445,15
DA:447,10
DA:448,10
DA:509,3
DA:524,0
DA:525,0
DA:527,3
DA:532,3
DA:613,0
DA:615,3
DA:616,3
DA:625,3
DA:627,3
DA:628,6
DA:631,3
DA:634,12
DA:636,3
DA:637,3
DA:638,3
DA:639,6
DA:640,6
DA:641,6
DA:642,6
DA:643,6
DA:644,6
DA:645,6
DA:646,6
DA:650,3
DA:652,6
DA:654,3
DA:656,3
DA:657,3
DA:659,6
DA:660,12
DA:661,6
DA:662,6
DA:664,6
DA:665,6
DA:666,12
DA:667,6
DA:676,3
DA:688,0
DA:689,0
DA:690,0
DA:704,3
DA:705,3
DA:707,3
DA:708,6
DA:710,3
DA:712,15
DA:715,3
DA:716,3
DA:717,3
DA:720,3
DA:723,3
DA:724,3
DA:725,3
DA:726,3
DA:727,9
DA:728,3
DA:730,3
DA:731,3
DA:732,3
DA:736,3
DA:740,3
DA:744,3
DA:749,3
DA:752,3
DA:755,3
DA:757,3
DA:758,9
DA:761,6
DA:770,3
DA:781,6
DA:785,3
DA:786,6
DA:787,6
DA:788,0
DA:789,3
DA:790,3
DA:791,3
DA:796,3
DA:797,3
DA:798,3
DA:799,9
DA:800,9
DA:801,9
DA:802,3
DA:803,3
DA:810,0
DA:812,0
DA:813,0
DA:814,0
DA:815,0
DA:816,0
DA:817,0
DA:818,0
DA:819,0
DA:820,0
DA:821,0
DA:831,5
DA:836,5
DA:845,5
DA:847,10
DA:850,5
DA:851,15
DA:852,5
DA:856,5
DA:858,3
DA:859,3
DA:865,10
DA:866,10
DA:867,10
DA:870,4
DA:876,5
DA:879,10
DA:884,5
DA:885,1
DA:886,1
DA:887,2
DA:888,2
DA:894,5
DA:895,20
DA:896,5
DA:912,5
DA:913,5
DA:914,5
DA:915,5
DA:916,5
DA:917,5
DA:918,5
DA:919,5
DA:936,5
DA:948,5
DA:949,5
DA:955,5
DA:956,5
DA:961,5
DA:962,5
DA:968,5
DA:969,5
DA:976,5
DA:977,5
DA:981,5
DA:982,5
DA:989,3
DA:995,3
DA:996,3
DA:997,6
DA:1004,5
DA:1017,5
DA:1018,5
DA:1019,4
DA:1021,2
DA:1024,3
DA:1032,2
DA:1034,2
DA:1035,2
DA:1036,1
DA:1038,2
DA:1049,5
DA:1059,5
DA:1060,8
DA:1065,4
DA:1071,5
DA:1082,5
DA:1083,8
DA:1088,4
DA:1090,4
DA:1100,5
DA:1114,3
DA:1123,5
DA:1130,5
DA:1139,2
DA:1141,2
DA:1142,2
DA:1143,1
DA:1145,2
DA:1158,5
DA:1169,2
DA:1175,0
DA:1179,3
DA:1204,1
DA:1213,4
DA:1245,4
DA:1247,4
DA:1248,4
DA:1250,9
DA:1255,12
DA:1256,4
DA:1257,0
DA:1260,4
DA:1261,4
DA:1266,4
DA:1268,4
DA:1270,4
DA:1273,4
DA:1275,4
DA:1277,4
DA:1278,5
DA:1279,1
DA:1289,1
DA:1290,1
DA:1291,1
DA:1293,1
DA:1302,1098
DA:1304,4
DA:1306,4
DA:1307,8
DA:1311,4
DA:1312,4
DA:1313,8
DA:1314,4
DA:1316,4
DA:1318,4
DA:1319,4
DA:1324,4
DA:1325,1
DA:1326,3
DA:1332,4
DA:1343,4
DA:1347,4
DA:1354,4
DA:1359,3
DA:1365,6
DA:1369,3
DA:1376,4
DA:1378,4
DA:1379,2
DA:1380,16
DA:1381,4
DA:1385,4
DA:1386,4
DA:1387,4
DA:1404,5
DA:1414,0
DA:1415,0
DA:1416,0
DA:1417,10
DA:1429,2
DA:1430,8
DA:1432,2
DA:1440,5
DA:1442,5
DA:1444,10
DA:1445,5
DA:1447,15
DA:1453,15
DA:1461,5
DA:1466,5
DA:1467,5
DA:1487,2
DA:1491,2
DA:1492,6
DA:1493,6
DA:1495,2
DA:1496,2
DA:1497,2
DA:1499,2
DA:1500,2
DA:1501,2
DA:1512,2
DA:1514,2
DA:1515,2
DA:1516,2
DA:1517,2
DA:1518,2
DA:1521,2
DA:1524,2
DA:1525,2
DA:1526,2
DA:1527,2
DA:1530,6
DA:1531,6
DA:1532,2
DA:1533,6
DA:1540,2
DA:1541,2
DA:1542,2
DA:1543,2
DA:1544,2
DA:1545,2
DA:1547,2
DA:1548,2
DA:1549,2
DA:1550,2
DA:1551,2
DA:1552,2
DA:1555,4
DA:1561,2
DA:1562,566
DA:1564,2
DA:1594,2
DA:1599,2
DA:1600,2
DA:1601,2
DA:1602,2
DA:1603,2
DA:1604,2
DA:1605,2
DA:1606,2
DA:1607,2
DA:1608,2
DA:1609,2
DA:1610,2
DA:1611,2
DA:1612,2
DA:1615,10
DA:1616,3
DA:1618,6
DA:1622,6
DA:1658,2
DA:1662,4
DA:1663,2
DA:1665,2
DA:1666,6
DA:1667,2
DA:1681,2
DA:1687,2
DA:1689,4
DA:1690,4
DA:1696,2
DA:1699,2
DA:1701,16
DA:1702,4
DA:1704,4
DA:1707,7
DA:1710,2
DA:1712,4
DA:1716,2
DA:1717,8
DA:1718,4
DA:1722,2
DA:1723,8
DA:1724,4
DA:1728,2
DA:1729,6
DA:1735,1
DA:1736,4
DA:1737,1
DA:1738,1
DA:1739,1
DA:1744,2
DA:1745,6
DA:1751,2
DA:1752,8
DA:1753,2
DA:1754,2
DA:1755,2
DA:1756,2
DA:1757,2
DA:1763,2
DA:1764,6
DA:1770,8
DA:1773,2
DA:1775,2
DA:1776,2
DA:1777,14
DA:1783,2
DA:1784,4
DA:1785,2
DA:1786,2
DA:1787,2
DA:1788,2
DA:1789,2
DA:1795,2
DA:1796,6
DA:1797,6
DA:1798,6
DA:1802,4
DA:1808,2
DA:1809,6
DA:1810,4
DA:1811,2
DA:1812,4
DA:1813,2
DA:1815,2
DA:1817,4
DA:1818,2
DA:1822,2
DA:1823,6
DA:1824,2
DA:1825,2
DA:1827,2
DA:1838,1
DA:1839,4
DA:1840,1
DA:1841,2
DA:1843,1
DA:1844,1
DA:1845,1
DA:1854,2
DA:1855,6
DA:1856,6
DA:1857,6
DA:1859,1
DA:1865,1
DA:1866,3
DA:1867,2
DA:1868,1
DA:1869,2
DA:1870,1
DA:1872,1
DA:1873,1
DA:1874,1
DA:1878,1
DA:1879,3
DA:1880,1
DA:1881,1
DA:1885,1
DA:1895,0
DA:1897,0
DA:1899,0
DA:1900,0
DA:1901,0
DA:1909,0
DA:1910,0
DA:1911,0
DA:1912,0
DA:1914,0
DA:1915,0
DA:1916,0
DA:1925,2
DA:1926,6
DA:1932,1
DA:1933,4
DA:1934,1
DA:1935,1
DA:1936,1
DA:1941,2
DA:1942,6
DA:1948,1
DA:1949,4
DA:1950,1
DA:1951,1
DA:1952,1
DA:1957,2
DA:1958,6
DA:1959,6
DA:1965,8
DA:1971,4
DA:1972,1
DA:1973,1
DA:1974,5
DA:1980,2
DA:1985,2
DA:1986,4
DA:1987,2
DA:1988,2
DA:1989,2
DA:1990,2
DA:1991,2
DA:1997,2
DA:1998,6
DA:1999,6
DA:2000,6
DA:2007,8
DA:2012,6
DA:2013,0
DA:2015,0
DA:2026,1
DA:2027,1
DA:2028,3
DA:2029,2
DA:2030,1
DA:2031,2
DA:2032,1
DA:2034,1
DA:2035,1
DA:2036,1
DA:2037,3
DA:2038,1
DA:2039,1
DA:2043,1
DA:2052,2
DA:2053,6
DA:2054,4
DA:2055,2
DA:2056,4
DA:2057,2
DA:2059,2
DA:2060,2
DA:2061,2
DA:2062,6
DA:2063,2
DA:2064,2
DA:2066,2
DA:2075,2
DA:2076,6
DA:2084,4
DA:2088,8
DA:2091,2
DA:2092,2
DA:2093,2
DA:2094,12
DA:2101,2
DA:2102,4
DA:2103,2
DA:2104,2
DA:2105,2
DA:2106,2
DA:2107,2
DA:2113,2
DA:2114,6
DA:2120,0
DA:2121,0
DA:2122,0
DA:2123,0
DA:2124,0
DA:2129,2
DA:2130,6
DA:2132,1
DA:2136,4
DA:2139,1
DA:2140,1
DA:2141,1
DA:2142,5
DA:2149,1
DA:2150,2
DA:2151,1
DA:2152,1
DA:2153,1
DA:2154,1
DA:2157,1
DA:2166,14
DA:2167,4
DA:2168,21
DA:2169,21
DA:2171,4
DA:2172,8
DA:2173,8
DA:2177,12
DA:2182,2
DA:2194,2
DA:2204,12
DA:2211,0
DA:2212,0
DA:2213,0
DA:2214,0
DA:2215,4
DA:2216,4
DA:2218,2
DA:2219,2
DA:2221,4
DA:2222,4
DA:2224,2
DA:2225,2
DA:2227,2
DA:2228,2
DA:2231,8
DA:2235,8
DA:2240,2
DA:2241,2
DA:2247,1
DA:2248,1
LF:631
LH:577
end_of_record
SF:lib/src/cupertino/page_scaffold.dart
DA:21,8
DA:27,0
DA:28,0
DA:29,8
DA:64,8
DA:65,8
DA:71,1
DA:73,2
DA:74,2
DA:83,8
DA:85,8
DA:87,16
DA:89,8
DA:90,16
DA:94,35
DA:97,10
DA:98,10
DA:101,10
DA:104,10
DA:105,1
DA:108,31
DA:114,1
DA:117,1
DA:118,1
DA:121,1
DA:122,1
DA:127,5
DA:128,5
DA:129,10
DA:134,5
DA:135,5
DA:143,16
DA:144,8
DA:148,16
DA:149,10
DA:153,10
DA:159,16
DA:163,16
DA:164,8
DA:166,8
DA:171,8
DA:172,8
DA:173,32
DA:175,8
LF:44
LH:42
end_of_record
SF:lib/src/cupertino/picker.dart
DA:13,550
DA:14,550
DA:61,2
DA:74,0
DA:75,0
DA:76,2
DA:77,2
DA:78,0
DA:79,2
DA:80,0
DA:81,2
DA:83,1
DA:84,2
DA:85,2
DA:104,1
DA:117,0
DA:118,0
DA:119,1
DA:120,1
DA:121,0
DA:122,1
DA:123,0
DA:124,1
DA:125,1
DA:126,1
DA:185,2
DA:186,2
DA:193,2
DA:195,2
DA:196,4
DA:197,4
DA:201,1
DA:203,3
DA:204,1
DA:205,3
DA:206,1
DA:207,2
DA:209,1
DA:212,2
DA:214,4
DA:215,2
DA:218,2
DA:221,4
DA:222,2
DA:223,1
DA:224,1
DA:227,4
DA:228,4
DA:233,2
DA:238,12
DA:239,1
DA:241,4
DA:242,2
DA:243,2
DA:244,2
DA:245,2
DA:246,2
DA:247,2
DA:249,2
DA:250,2
DA:251,2
DA:252,2
DA:253,2
DA:254,2
DA:271,2
DA:272,6
DA:273,10
DA:276,2
DA:277,2
DA:278,2
DA:279,2
DA:280,2
DA:284,2
DA:291,2
DA:292,10
DA:295,2
DA:296,2
DA:305,1
DA:306,3
DA:307,5
DA:310,1
DA:311,1
DA:312,2
DA:313,1
DA:315,1
DA:316,5
DA:319,2
DA:324,2
DA:325,2
DA:326,2
DA:327,4
DA:333,2
DA:335,2
DA:336,6
DA:337,2
DA:338,2
DA:339,2
DA:340,2
DA:341,6
DA:342,2
DA:343,6
DA:345,4
DA:347,4
DA:348,4
DA:349,4
DA:350,4
DA:351,4
DA:352,2
DA:353,4
DA:357,2
DA:358,2
DA:364,12
DA:365,1
DA:366,1
DA:367,1
DA:368,1
DA:372,2
DA:385,2
DA:389,2
DA:393,2
DA:394,6
DA:396,1
DA:399,2
DA:400,2
DA:405,2
DA:406,2
DA:409,4
DA:411,2
DA:412,4
DA:414,2
DA:415,3
DA:417,4
DA:418,4
DA:419,2
DA:422,4
DA:424,1
DA:425,2
DA:427,0
DA:428,0
DA:433,1
DA:434,4
DA:437,0
DA:438,0
DA:440,0
DA:443,2
DA:444,8
DA:446,6
DA:447,2
DA:449,2
DA:451,2
DA:452,2
DA:453,4
DA:456,2
DA:458,2
DA:459,0
DA:460,2
DA:461,2
DA:462,4
DA:463,2
DA:464,4
DA:467,4
DA:468,0
DA:470,8
DA:471,6
DA:472,6
DA:474,4
DA:475,4
DA:478,4
DA:479,4
DA:481,2
LF:170
LH:155
end_of_record
SF:lib/src/cupertino/refresh.dart
DA:17,1
DA:22,0
DA:23,1
DA:24,0
DA:25,1
DA:36,1
DA:38,1
DA:39,1
DA:40,1
DA:44,1
DA:47,2
DA:48,2
DA:60,1
DA:64,0
DA:65,1
DA:66,0
DA:69,1
DA:74,0
DA:76,1
DA:77,0
DA:78,1
DA:79,2
DA:81,0
DA:82,0
DA:88,0
DA:90,1
DA:91,0
DA:92,2
DA:94,1
DA:95,1
DA:104,1
DA:107,3
DA:108,3
DA:112,3
DA:116,2
DA:117,2
DA:118,2
DA:120,1
DA:128,4
DA:130,6
DA:134,2
DA:135,2
DA:139,1
DA:144,2
DA:146,4
DA:147,550
DA:152,556
DA:155,550
DA:156,556
DA:159,553
DA:163,1
DA:167,1
DA:169,3
DA:170,7
DA:171,2
DA:177,1
DA:185,1100
DA:188,550
DA:191,550
DA:195,550
DA:198,550
DA:201,550
DA:289,1
DA:295,0
DA:296,1
DA:297,0
DA:298,1
DA:300,1
DA:304,1
DA:354,1
DA:357,1
DA:358,1
DA:365,0
DA:373,0
DA:375,0
DA:377,0
DA:378,0
DA:379,0
DA:380,550
DA:388,0
DA:389,0
DA:390,550
DA:398,1
DA:399,1
DA:421,1
DA:423,1
DA:424,1
DA:429,1
DA:432,1
DA:436,3
DA:437,3
DA:439,3
DA:440,3
DA:445,1
DA:446,1
DA:447,2
DA:454,1
DA:455,2
DA:457,4
DA:460,2
DA:461,1
DA:465,3
DA:466,5
DA:467,1
DA:468,3
DA:473,2
DA:476,3
DA:484,1
DA:485,3
DA:486,1
DA:490,4
DA:497,1
DA:498,1
DA:501,1
DA:505,1
DA:510,2
DA:511,3
DA:522,1
DA:524,1
DA:525,2
DA:526,1
DA:529,1
DA:530,1
DA:531,2
DA:532,2
DA:533,4
DA:534,2
DA:536,1
DA:537,1
DA:538,2
DA:539,2
DA:542,1
LF:132
LH:112
end_of_record
SF:lib/src/cupertino/route.dart
DA:27,550
DA:30,550
DA:33,141
DA:39,141
DA:45,18
DA:52,141
DA:100,21
DA:106,0
DA:107,0
DA:108,0
DA:109,21
DA:110,21
DA:138,4
DA:140,4
DA:143,4
DA:146,8
DA:148,8
DA:149,8
DA:151,8
DA:152,16
DA:154,2
DA:156,8
DA:162,21
DA:166,21
DA:169,21
DA:172,8
DA:174,8
DA:177,10
DA:180,18
DA:191,150
DA:192,300
DA:203,0
DA:214,0
DA:216,7
DA:219,7
DA:223,6
DA:227,6
DA:230,6
DA:233,18
DA:238,18
DA:241,6
DA:248,21
DA:250,21
DA:253,21
DA:255,21
DA:257,0
DA:258,0
DA:263,21
DA:270,6
DA:271,6
DA:273,6
DA:274,6
DA:275,6
DA:293,47
DA:300,47
DA:301,6
DA:306,47
DA:314,47
DA:315,47
DA:316,14
DA:317,12
DA:324,21
DA:326,21
DA:329,21
DA:330,84
DA:346,47
DA:352,0
DA:356,47
DA:367,94
DA:371,47
DA:376,94
DA:380,47
DA:384,94
DA:385,47
DA:396,47
DA:398,47
DA:399,47
DA:400,47
DA:401,47
DA:404,47
DA:405,47
DA:407,47
DA:408,47
DA:409,47
DA:422,6
DA:426,6
DA:431,6
DA:432,12
DA:433,6
DA:440,6
DA:442,6
DA:443,6
DA:444,6
DA:461,47
DA:466,0
DA:467,0
DA:468,0
DA:469,47
DA:477,47
DA:478,47
DA:486,47
DA:488,47
DA:489,94
DA:490,94
DA:491,94
DA:492,94
DA:493,94
DA:496,47
DA:498,94
DA:499,47
DA:502,6
DA:503,6
DA:504,6
DA:505,18
DA:508,6
DA:509,6
DA:510,6
DA:511,48
DA:514,6
DA:515,6
DA:516,6
DA:517,60
DA:518,6
DA:521,0
DA:522,0
DA:525,0
DA:526,0
DA:529,7
DA:530,14
DA:531,12
DA:534,6
DA:535,12
DA:536,6
DA:537,1
DA:538,6
DA:544,47
DA:546,47
DA:549,94
DA:550,141
DA:551,6
DA:552,550
DA:553,47
DA:555,47
DA:556,94
DA:557,47
DA:562,47
DA:563,47
DA:588,6
DA:591,0
DA:592,0
DA:593,12
DA:601,6
DA:602,18
DA:607,6
DA:620,12
DA:621,0
DA:623,18
DA:629,550
DA:630,20
DA:633,15
DA:636,10
DA:639,10
DA:641,20
DA:642,15
DA:646,12
DA:651,5
DA:652,10
DA:653,10
DA:655,10
DA:657,6
DA:672,550
DA:676,47
DA:701,9
DA:706,0
DA:709,9
DA:710,27
DA:714,9
DA:716,9
DA:717,0
DA:718,9
DA:721,0
DA:723,0
DA:724,0
DA:725,0
DA:728,47
DA:730,47
DA:733,30
DA:735,90
DA:738,90
DA:741,0
DA:742,0
DA:744,0
DA:746,0
DA:747,0
DA:753,47
DA:756,0
DA:757,47
DA:761,47
DA:763,94
DA:768,47
DA:769,0
DA:772,47
DA:773,4
DA:775,47
DA:776,141
DA:779,141
DA:780,47
DA:781,94
DA:783,47
DA:788,1
DA:792,1
DA:799,1
DA:802,1
DA:805,1
DA:808,1
DA:815,1
DA:817,1
DA:818,2
DA:819,1
DA:824,1
DA:826,2
DA:830,1
DA:833,1
DA:835,1
DA:838,1
DA:840,1
DA:842,1
DA:843,3
DA:874,1
DA:878,2
DA:879,1
DA:889,3
DA:890,2
DA:892,1
DA:893,1
DA:897,2
DA:898,1
DA:903,1
DA:905,1
DA:907,2
DA:942,1
DA:946,0
DA:947,1
DA:953,1
DA:954,1
LF:245
LH:213
end_of_record
SF:lib/src/cupertino/scrollbar.dart
DA:10,550
DA:13,550
DA:14,550
DA:15,550
DA:46,5
DA:49,5
DA:57,5
DA:58,5
DA:69,5
DA:71,5
DA:72,10
DA:76,10
DA:77,5
DA:82,5
DA:84,5
DA:85,15
DA:86,10
DA:90,5
DA:91,5
DA:93,5
DA:95,5
DA:99,15
DA:105,5
DA:106,5
DA:107,15
DA:111,5
DA:112,5
DA:114,15
DA:115,10
DA:118,7
DA:119,25
DA:120,5
DA:123,5
DA:124,8
DA:125,4
DA:126,2
DA:132,5
DA:134,10
DA:135,7
DA:136,10
DA:137,5
DA:140,5
DA:142,5
DA:143,5
DA:144,5
DA:145,5
DA:146,5
DA:147,5
DA:148,10
LF:49
LH:49
end_of_record
SF:lib/src/cupertino/segmented_control.dart
DA:16,550
DA:23,550
DA:81,2
DA:91,1
DA:92,5
DA:93,1
DA:95,9
DA:98,2
DA:188,2
DA:189,2
DA:208,2
DA:209,2
DA:212,4
DA:213,4
DA:219,2
DA:220,2
DA:222,10
DA:223,4
DA:225,2
DA:227,10
DA:228,4
DA:230,2
DA:232,10
DA:233,4
DA:235,2
DA:237,12
DA:238,4
DA:240,2
DA:243,4
DA:244,2
DA:245,2
DA:247,4
DA:248,2
DA:249,2
DA:251,4
DA:252,2
DA:253,2
DA:258,2
DA:259,2
DA:260,3
DA:261,1
DA:263,4
DA:264,4
DA:266,8
DA:267,2
DA:268,6
DA:269,6
DA:270,2
DA:272,6
DA:274,4
DA:278,2
DA:280,2
DA:282,2
DA:283,2
DA:287,1
DA:289,1
DA:291,7
DA:292,1
DA:295,4
DA:297,4
DA:298,3
DA:299,3
DA:300,3
DA:302,3
DA:303,3
DA:305,1
DA:310,2
DA:312,4
DA:313,2
DA:315,2
DA:319,1
DA:320,4
DA:321,2
DA:322,1
DA:327,1
DA:328,2
DA:329,1
DA:333,1
DA:334,5
DA:335,1
DA:336,1
DA:340,2
DA:341,6
DA:342,4
DA:343,6
DA:344,2
DA:345,2
DA:348,2
DA:349,6
DA:350,5
DA:351,6
DA:352,2
DA:353,4
DA:354,1
DA:355,2
DA:358,2
DA:360,2
DA:361,2
DA:365,8
DA:366,6
DA:367,4
DA:369,6
DA:370,2
DA:372,2
DA:373,2
DA:376,2
DA:377,6
DA:380,2
DA:381,1
DA:382,1
DA:384,2
DA:385,1
DA:386,1
DA:388,2
DA:390,2
DA:392,2
DA:395,6
DA:402,4
DA:403,2
DA:404,2
DA:407,2
DA:412,2
DA:415,2
DA:416,4
DA:417,2
DA:426,2
DA:433,2
DA:443,2
DA:445,2
DA:446,2
DA:447,2
DA:448,2
DA:449,2
DA:450,2
DA:454,1
DA:457,2
DA:458,2
DA:459,2
DA:460,2
DA:461,2
DA:474,2
DA:481,0
DA:487,2
DA:490,2
DA:492,1
DA:493,2
DA:496,1
DA:497,1
DA:500,0
DA:502,1
DA:503,2
DA:506,1
DA:507,1
DA:510,4
DA:512,1
DA:513,2
DA:516,0
DA:517,0
DA:520,4
DA:522,1
DA:523,2
DA:526,1
DA:527,1
DA:530,4
DA:532,1
DA:533,2
DA:536,0
DA:537,0
DA:540,2
DA:542,2
DA:545,2
DA:546,2
DA:547,550
DA:548,2
DA:550,4
DA:553,2
DA:555,2
DA:558,2
DA:559,2
DA:560,550
DA:561,2
DA:563,4
DA:566,2
DA:568,2
DA:571,2
DA:572,2
DA:573,550
DA:574,2
DA:579,2
DA:581,2
DA:584,2
DA:585,2
DA:586,550
DA:587,2
DA:592,0
DA:594,0
DA:597,2
DA:599,4
DA:600,4
DA:604,2
DA:608,2
DA:609,2
DA:610,2
DA:611,10
DA:613,2
DA:614,2
DA:616,2
DA:617,2
DA:620,1
DA:622,2
DA:623,6
DA:624,2
DA:628,2
DA:632,8
DA:633,4
DA:634,552
DA:636,558
DA:638,2
DA:640,2
DA:641,550
DA:642,2
DA:645,4
DA:647,2
DA:652,2
DA:654,2
DA:655,2
DA:658,2
DA:659,2
DA:660,1
DA:661,1
DA:662,1
DA:663,1
DA:666,2
DA:667,2
DA:668,2
DA:669,2
DA:670,2
DA:675,12
DA:678,2
DA:680,2
DA:683,2
DA:684,2
DA:685,2
DA:689,2
DA:690,0
DA:692,2
DA:694,4
DA:695,4
DA:696,2
DA:697,6
DA:698,2
DA:700,4
DA:701,4
DA:702,2
DA:703,4
DA:704,2
DA:705,2
DA:708,6
DA:711,1
DA:713,0
DA:714,1
DA:716,1
DA:717,2
DA:718,3
DA:719,1
DA:720,1
DA:722,1
DA:723,1
DA:724,1
DA:728,1
LF:270
LH:260
end_of_record
SF:lib/src/cupertino/slider.dart
DA:52,2
DA:62,0
DA:63,0
DA:64,0
DA:65,4
DA:66,0
DA:67,2
DA:195,2
DA:196,2
DA:198,0
DA:200,0
DA:201,0
DA:202,0
DA:203,0
DA:208,2
DA:209,4
DA:210,10
DA:211,6
DA:212,4
DA:216,1
DA:217,2
DA:218,7
DA:221,1
DA:222,2
DA:223,7
DA:226,2
DA:228,2
DA:229,22
DA:230,4
DA:231,8
DA:232,6
DA:233,5
DA:234,5
DA:241,2
DA:250,2
DA:260,2
DA:262,2
DA:263,2
DA:264,2
DA:265,2
DA:266,2
DA:267,2
DA:268,2
DA:269,2
DA:270,2
DA:274,2
DA:277,4
DA:278,4
DA:279,4
DA:280,4
DA:281,4
DA:282,4
DA:283,4
DA:290,550
DA:291,550
DA:293,550
DA:298,2
DA:307,4
DA:308,0
DA:314,2
DA:315,4
DA:316,4
DA:317,4
DA:318,4
DA:319,4
DA:323,4
DA:326,4
DA:328,2
DA:329,4
DA:330,4
DA:332,1
DA:333,1
DA:334,0
DA:336,2
DA:337,1
DA:340,4
DA:342,2
DA:343,4
DA:345,0
DA:346,0
DA:349,0
DA:351,2
DA:352,4
DA:354,1
DA:355,1
DA:358,4
DA:360,2
DA:361,4
DA:363,1
DA:364,1
DA:365,2
DA:366,1
DA:372,4
DA:374,2
DA:375,0
DA:376,4
DA:378,0
DA:379,0
DA:387,2
DA:388,4
DA:389,2
DA:390,0
DA:394,2
DA:395,8
DA:396,2
DA:398,2
DA:399,2
DA:400,2
DA:402,2
DA:403,2
DA:406,10
DA:409,4
DA:411,6
DA:413,2
DA:414,2
DA:415,560
DA:416,4
DA:417,2
DA:418,2
DA:419,2
DA:421,2
DA:422,4
DA:425,4
DA:429,2
DA:431,2
DA:432,2
DA:433,2
DA:434,2
DA:436,4
DA:437,4
DA:441,1
DA:442,1
DA:443,2
DA:445,1
DA:448,2
DA:450,12
DA:453,2
DA:455,2
DA:456,4
DA:457,4
DA:462,2
DA:467,2
DA:468,2
DA:469,3
DA:470,1
DA:473,2
DA:474,4
DA:476,2
DA:480,10
DA:481,6
DA:482,2
DA:483,2
DA:484,6
DA:485,6
DA:487,2
DA:489,2
DA:490,4
DA:491,4
DA:494,2
DA:495,4
DA:496,4
DA:499,2
DA:500,6
DA:503,2
DA:505,2
DA:507,4
DA:508,2
DA:509,4
DA:510,4
DA:511,4
DA:512,10
DA:513,16
DA:514,16
DA:518,4
DA:520,0
DA:521,0
DA:522,0
DA:525,0
DA:526,0
DA:527,0
LF:180
LH:156
end_of_record
SF:lib/src/cupertino/switch.dart
DA:58,3
DA:64,0
DA:65,0
DA:66,3
DA:125,3
DA:126,3
DA:128,0
DA:130,0
DA:131,0
DA:132,0
DA:137,3
DA:139,3
DA:140,6
DA:141,3
DA:142,6
DA:143,6
DA:144,6
DA:146,6
DA:153,3
DA:160,3
DA:168,3
DA:170,3
DA:171,3
DA:172,3
DA:173,3
DA:174,3
DA:175,3
DA:176,3
DA:180,3
DA:183,6
DA:184,6
DA:185,6
DA:186,6
DA:187,6
DA:188,6
DA:194,550
DA:195,550
DA:196,550
DA:197,550
DA:203,550
DA:204,550
DA:205,550
DA:208,3
DA:215,0
DA:216,0
DA:217,0
DA:223,3
DA:224,6
DA:225,6
DA:226,6
DA:227,6
DA:228,6
DA:229,6
DA:230,6
DA:231,6
DA:232,6
DA:233,3
DA:234,6
DA:239,6
DA:240,3
DA:242,6
DA:243,6
DA:244,6
DA:248,6
DA:249,3
DA:251,6
DA:260,6
DA:262,3
DA:263,0
DA:264,6
DA:266,3
DA:267,3
DA:268,3
DA:269,3
DA:270,6
DA:272,6
DA:274,2
DA:277,0
DA:279,3
DA:280,0
DA:281,6
DA:283,0
DA:284,0
DA:285,0
DA:288,6
DA:290,3
DA:291,0
DA:292,6
DA:294,0
DA:295,0
DA:298,6
DA:300,3
DA:301,6
DA:303,3
DA:304,3
DA:305,6
DA:306,1
DA:307,1
DA:311,6
DA:313,3
DA:314,0
DA:315,6
DA:317,0
DA:318,0
DA:321,0
DA:322,3
DA:323,0
DA:324,9
DA:326,2
DA:329,6
DA:334,3
DA:336,3
DA:337,3
DA:338,4
DA:340,6
DA:341,3
DA:342,6
DA:343,3
DA:344,0
DA:346,3
DA:347,0
DA:349,3
DA:350,0
DA:357,3
DA:359,6
DA:360,6
DA:361,3
DA:364,3
DA:365,3
DA:366,4
DA:367,1
DA:368,4
DA:369,1
DA:373,2
DA:374,2
DA:375,4
DA:378,2
DA:379,2
DA:380,4
DA:381,2
DA:385,2
DA:386,2
DA:387,4
DA:390,0
DA:391,0
DA:392,0
DA:395,1
DA:396,1
DA:397,2
DA:398,1
DA:402,1
DA:403,1
DA:404,1
DA:405,1
DA:406,1
DA:407,2
DA:408,1
DA:409,1
DA:410,3
DA:412,1
DA:413,3
DA:419,1
DA:420,3
DA:421,2
DA:423,2
DA:424,2
DA:427,2
DA:428,2
DA:429,2
DA:430,1
DA:432,2
DA:433,2
DA:438,2
DA:441,2
DA:443,2
DA:444,4
DA:445,4
DA:446,4
DA:450,3
DA:452,3
DA:454,3
DA:455,6
DA:457,6
DA:458,6
DA:463,3
DA:465,3
DA:467,6
DA:468,6
DA:471,3
DA:472,3
DA:473,1
DA:475,3
DA:480,3
DA:481,9
DA:483,3
DA:484,18
DA:485,18
DA:489,3
DA:490,3
DA:492,3
DA:493,3
DA:494,9
DA:495,12
DA:498,3
DA:499,12
DA:500,9
DA:503,15
DA:504,3
DA:506,3
DA:508,3
DA:511,9
DA:512,9
DA:516,0
DA:518,0
DA:519,0
DA:520,0
LF:216
LH:183
end_of_record
SF:lib/src/cupertino/tab_scaffold.dart
DA:68,5
DA:70,1
DA:71,6
DA:83,10
DA:85,4
DA:86,1
DA:87,5
DA:88,8
DA:91,4
DA:92,4
DA:95,5
DA:98,5
DA:99,5
DA:205,5
DA:212,0
DA:213,0
DA:215,5
DA:216,1
DA:217,2
DA:219,5
DA:282,5
DA:283,5
DA:289,5
DA:291,5
DA:292,5
DA:295,5
DA:298,10
DA:299,20
DA:301,10
DA:306,2
DA:307,11
DA:308,3
DA:311,10
DA:312,5
DA:315,4
DA:317,40
DA:318,3
DA:319,4
DA:324,8
DA:327,3
DA:329,3
DA:330,12
DA:331,2
DA:332,21
DA:335,7
DA:339,5
DA:341,5
DA:343,5
DA:344,5
DA:346,5
DA:347,10
DA:348,20
DA:349,10
DA:353,10
DA:355,5
DA:356,15
DA:359,10
DA:363,10
DA:364,35
DA:368,35
DA:373,15
DA:374,1
DA:376,5
DA:377,10
DA:384,5
DA:386,5
DA:393,5
DA:395,10
DA:396,10
DA:401,15
DA:402,10
DA:403,4
DA:404,8
DA:406,12
DA:407,6
DA:413,5
DA:414,5
DA:415,20
DA:417,5
DA:423,5
DA:426,10
DA:427,10
DA:428,3
DA:429,3
DA:432,5
DA:439,5
DA:443,0
DA:444,5
DA:445,0
DA:451,5
DA:452,5
DA:459,5
DA:461,5
DA:462,20
DA:465,5
DA:467,5
DA:468,5
DA:471,5
DA:473,5
DA:480,25
DA:481,5
DA:482,3
DA:483,5
DA:484,6
DA:486,5
DA:489,5
DA:490,25
DA:491,10
DA:492,10
DA:493,15
DA:496,35
DA:499,5
DA:501,10
DA:502,5
DA:504,5
DA:507,5
DA:509,5
DA:511,20
DA:512,15
DA:513,20
DA:515,5
DA:517,5
DA:519,5
DA:520,10
DA:521,10
DA:522,10
DA:523,5
LF:127
LH:123
end_of_record
SF:lib/src/cupertino/tab_view.dart
DA:43,3
DA:52,0
DA:53,3
DA:128,3
DA:130,3
DA:138,3
DA:140,3
DA:141,6
DA:142,3
DA:145,2
DA:147,2
DA:148,8
DA:149,8
DA:150,0
DA:154,3
DA:155,6
DA:156,6
DA:157,6
DA:160,3
DA:162,3
DA:163,6
DA:164,3
DA:165,3
DA:166,3
DA:170,3
DA:171,3
DA:174,9
DA:175,6
DA:176,6
DA:177,2
DA:178,3
DA:181,3
DA:187,2
DA:188,2
DA:192,1
DA:193,1
DA:194,2
DA:195,0
DA:196,0
DA:208,1
DA:209,2
DA:210,1
DA:212,1
DA:214,1
DA:220,1
LF:45
LH:41
end_of_record
SF:lib/src/cupertino/text_field.dart
DA:17,550
DA:22,550
DA:29,550
DA:35,550
DA:36,550
DA:37,550
DA:45,550
DA:51,1100
DA:53,550
DA:59,550
DA:65,550
DA:68,550
DA:72,2
DA:75,2
DA:79,2
DA:85,6
DA:86,4
DA:87,2
DA:88,2
DA:92,2
DA:93,4
DA:94,6
DA:95,3
DA:98,1
DA:100,2
DA:188,2
DA:236,0
DA:237,0
DA:238,0
DA:239,0
DA:240,0
DA:241,0
DA:242,0
DA:243,0
DA:244,2
DA:245,0
DA:247,0
DA:250,0
DA:252,0
DA:255,0
DA:256,0
DA:257,0
DA:258,0
DA:259,2
DA:260,2
DA:501,2
DA:502,4
DA:508,2
DA:509,2
DA:511,0
DA:513,0
DA:514,0
DA:515,0
DA:516,0
DA:517,0
DA:518,0
DA:519,0
DA:520,0
DA:521,0
DA:522,0
DA:523,0
DA:524,0
DA:525,0
DA:526,0
DA:527,0
DA:528,0
DA:529,0
DA:530,0
DA:531,0
DA:532,0
DA:533,0
DA:534,0
DA:535,0
DA:536,0
DA:537,0
DA:538,0
DA:546,8
DA:549,10
DA:556,2
DA:562,2
DA:563,4
DA:566,2
DA:568,2
DA:569,4
DA:570,4
DA:571,4
DA:572,6
DA:576,2
DA:578,2
DA:579,6
DA:580,0
DA:581,0
DA:582,5
DA:583,0
DA:585,4
DA:586,2
DA:588,2
DA:592,2
DA:594,4
DA:595,6
DA:596,2
DA:599,6
DA:601,2
DA:602,4
DA:605,2
DA:608,4
DA:612,6
DA:615,1
DA:618,3
DA:624,2
DA:625,2
DA:626,3
DA:628,2
DA:629,4
DA:630,2
DA:631,1
DA:636,2
DA:637,8
DA:639,2
DA:644,2
DA:646,1
DA:648,1
DA:650,1
DA:653,0
DA:657,2
DA:658,5
DA:659,2
DA:660,2
DA:664,2
DA:665,5
DA:666,2
DA:667,2
DA:671,2
DA:672,2
DA:673,4
DA:674,4
DA:679,2
DA:680,4
DA:681,6
DA:682,4
DA:683,4
DA:689,2
DA:690,4
DA:691,2
DA:693,2
DA:696,2
DA:697,0
DA:698,0
DA:699,0
DA:702,2
DA:707,2
DA:708,2
DA:710,2
DA:711,2
DA:715,2
DA:716,3
DA:719,2
DA:723,8
DA:724,2
DA:725,2
DA:727,2
DA:728,4
DA:729,2
DA:730,4
DA:731,4
DA:734,4
DA:741,8
DA:744,2
DA:745,3
DA:747,2
DA:748,1
DA:749,1
DA:750,1
DA:751,3
DA:754,3
DA:755,2
DA:756,2
DA:757,4
DA:771,2
DA:776,2
DA:778,2
DA:779,2
DA:780,2
DA:781,6
DA:782,4
DA:783,8
DA:784,4
DA:785,0
DA:787,2
DA:788,10
DA:789,6
DA:790,6
DA:791,6
DA:792,6
DA:797,4
DA:798,6
DA:800,2
DA:801,4
DA:802,2
DA:803,2
DA:804,2
DA:806,4
DA:807,4
DA:808,2
DA:809,2
DA:810,4
DA:811,4
DA:812,4
DA:814,4
DA:815,4
DA:816,4
DA:817,4
DA:818,4
DA:819,4
DA:820,4
DA:821,4
DA:823,4
DA:824,2
DA:825,4
DA:826,2
DA:827,4
DA:828,4
DA:831,4
DA:832,4
DA:838,4
DA:840,4
DA:841,4
DA:842,4
DA:843,4
DA:848,2
DA:849,0
DA:850,0
DA:851,0
DA:853,0
DA:855,2
DA:857,2
DA:859,4
DA:861,2
DA:862,8
DA:865,2
LF:240
LH:185
end_of_record
SF:lib/src/cupertino/text_selection.dart
DA:17,550
DA:36,3
DA:37,550
DA:38,550
DA:39,3
DA:40,550
DA:42,3
DA:60,3
DA:69,3
DA:81,3
DA:82,12
DA:84,2
DA:87,4
DA:88,4
DA:89,4
DA:98,0
DA:99,0
DA:103,3
DA:108,3
DA:111,3
DA:115,2
DA:116,4
DA:119,1
DA:120,1
DA:121,1
DA:125,2
DA:126,4
DA:129,1
DA:130,1
DA:131,1
DA:135,2
DA:136,4
DA:139,0
DA:140,0
DA:141,0
DA:146,3
DA:148,6
DA:149,6
DA:153,3
DA:155,9
DA:157,3
DA:160,3
DA:161,3
DA:162,3
DA:164,12
DA:165,6
DA:167,12
DA:170,15
DA:171,24
DA:172,6
DA:174,24
DA:175,9
DA:179,1
DA:180,2
DA:181,1
DA:182,1
DA:183,1
DA:184,3
DA:185,10
DA:190,6
DA:192,1
DA:193,5
DA:194,1
DA:196,4
DA:198,1
DA:199,1
DA:200,4
DA:201,4
DA:202,1
DA:204,1
DA:207,2
DA:209,2
DA:213,2
DA:214,1
DA:215,1
DA:216,2
DA:217,3
DA:218,1
DA:219,3
DA:225,0
DA:227,0
DA:228,0
DA:232,0
DA:233,0
DA:236,0
DA:237,0
DA:240,0
DA:241,0
DA:243,0
DA:244,0
DA:246,0
DA:252,14
DA:254,4
DA:256,4
DA:257,4
DA:258,4
DA:259,4
DA:265,4
DA:270,4
DA:272,4
DA:278,0
DA:284,7
DA:286,7
DA:287,7
DA:288,21
DA:293,3
DA:302,3
DA:303,3
DA:309,6
DA:310,3
DA:311,3
DA:312,24
DA:314,12
DA:315,9
DA:316,18
DA:323,18
DA:324,12
DA:326,3
DA:328,12
DA:329,3
DA:331,6
DA:332,6
DA:334,3
DA:339,3
DA:343,3
DA:344,2
DA:347,6
DA:348,3
DA:351,3
DA:354,2
DA:358,12
DA:359,12
DA:360,12
DA:361,12
DA:363,3
DA:364,6
DA:367,6
DA:369,3
DA:375,5
DA:379,5
DA:381,5
DA:392,5
DA:394,5
DA:396,4
DA:397,4
DA:398,20
DA:399,4
DA:400,28
DA:404,4
DA:405,4
DA:407,0
DA:414,7
DA:416,7
DA:420,7
DA:421,4
DA:422,8
DA:423,4
DA:427,7
DA:428,4
DA:429,8
DA:430,16
DA:434,7
DA:435,14
DA:436,28
DA:443,24
LF:165
LH:146
end_of_record
SF:lib/src/cupertino/text_theme.dart
DA:12,550
DA:22,550
DA:32,550
DA:42,550
DA:50,550
DA:59,550
DA:68,550
DA:77,550
DA:87,550
DA:97,550
DA:107,550
DA:117,550
DA:138,26
DA:162,78
DA:166,78
DA:170,2
DA:171,4
DA:172,2
DA:178,10
DA:182,5
DA:183,5
DA:184,5
DA:189,3
DA:190,3
DA:191,3
DA:196,5
DA:197,10
DA:198,5
DA:204,2
DA:205,2
DA:206,2
DA:211,1
DA:212,1
DA:213,1
DA:218,0
DA:230,0
DA:231,0
DA:232,0
DA:233,0
DA:234,0
DA:235,0
DA:236,0
DA:237,0
DA:238,0
DA:239,0
DA:240,0
LF:46
LH:34
end_of_record
SF:lib/src/cupertino/theme.dart
DA:15,550
DA:16,550
DA:40,158
DA:44,0
DA:45,0
DA:46,158
DA:55,27
DA:56,27
DA:57,52
DA:65,158
DA:67,158
DA:69,158
DA:70,474
DA:71,158
DA:78,158
DA:82,0
DA:83,158
DA:87,74
DA:88,370
DA:112,550
DA:119,550
DA:132,550
DA:142,69
DA:151,46
DA:165,23
DA:166,23
DA:167,23
DA:178,4
DA:179,4
DA:180,4
DA:189,26
DA:190,52
DA:191,26
DA:192,26
DA:201,8
DA:202,8
DA:203,7
DA:210,11
DA:211,11
DA:212,11
DA:221,1
DA:222,1
DA:223,1
DA:224,1
DA:225,1
DA:226,1
DA:227,1
DA:228,1
DA:239,3
DA:247,3
DA:248,3
DA:249,1
DA:250,3
DA:251,3
DA:252,2
DA:253,3
DA:257,0
DA:259,0
DA:261,0
DA:262,0
DA:263,0
DA:264,0
DA:265,0
DA:266,0
DA:271,1
DA:278,1
LF:66
LH:55
end_of_record
SF:lib/src/cupertino/thumb_painter.dart
DA:14,5
DA:17,5
DA:20,5
DA:41,5
DA:42,5
DA:44,15
DA:47,10
DA:48,15
DA:49,20
LF:9
LH:9
end_of_record
SF:lib/src/foundation/annotations.dart
DA:42,0
DA:77,0
DA:114,0
LF:3
LH:0
end_of_record
SF:lib/src/foundation/assertions.dart
DA:26,71
DA:30,0
DA:31,71
DA:33,71
DA:66,0
DA:70,0
DA:71,0
DA:81,37
DA:83,74
DA:111,130
DA:115,0
DA:145,114
DA:149,0
DA:175,34
DA:179,0
DA:187,16
DA:208,54
DA:229,782
DA:230,391
DA:310,3
DA:312,6
DA:317,2
DA:318,2
DA:319,2
DA:320,3
DA:321,1
DA:322,4
DA:323,1
DA:324,3
DA:327,2
DA:328,1
DA:329,1
DA:330,4
DA:332,2
DA:337,6
DA:338,2
DA:339,10
DA:340,2
DA:342,6
DA:344,3
DA:345,3
DA:350,6
DA:351,12
DA:352,4
DA:354,12
DA:355,2
DA:368,1
DA:369,5
DA:371,0
DA:373,1
DA:376,0
DA:377,0
DA:378,0
DA:380,3
DA:383,6
DA:385,6
DA:386,36
DA:387,6
DA:388,12
DA:389,0
DA:390,12
DA:391,0
DA:394,12
DA:395,5
DA:396,6
DA:397,2
DA:398,10
DA:399,4
DA:401,8
DA:403,18
DA:405,4
DA:410,9
DA:411,3
DA:412,3
DA:413,2
DA:414,9
DA:418,26
DA:419,12
DA:422,2
DA:423,2
DA:425,1
DA:427,1
DA:429,2
DA:430,0
DA:432,0
DA:433,0
DA:434,0
DA:440,2
DA:441,2
DA:450,6
DA:451,10
DA:452,20
DA:454,6
DA:455,10
DA:456,15
DA:460,6
DA:462,18
DA:465,4
DA:467,8
DA:470,6
DA:472,6
DA:504,39
DA:505,39
DA:506,39
DA:507,78
DA:508,134
DA:522,116
DA:524,224
DA:525,2
DA:526,1
DA:527,1
DA:531,1
DA:532,1
DA:540,56
DA:541,280
DA:542,112
DA:543,1
DA:544,1
DA:545,1
DA:551,2
DA:552,4
DA:554,2
DA:555,3
DA:556,1
DA:558,2
DA:564,1
DA:567,56
DA:585,0
DA:586,0
DA:600,787
DA:608,7
DA:630,2
DA:631,0
DA:632,2
DA:633,4
DA:634,2
DA:638,2
DA:641,2
DA:642,4
DA:643,2
DA:647,6
DA:650,4
DA:652,2
DA:666,25
DA:677,25
DA:678,25
DA:679,25
DA:680,25
DA:681,25
DA:682,25
DA:684,46
DA:685,46
DA:686,46
DA:687,46
DA:688,66
DA:690,69
DA:694,46
DA:695,48
DA:699,25
DA:701,50
DA:702,0
DA:703,50
DA:704,69
DA:705,46
DA:706,110
DA:707,46
DA:708,88
DA:710,8
DA:716,7
DA:718,21
DA:721,5
DA:724,26
DA:727,26
DA:728,156
DA:732,50
DA:733,0
DA:734,50
DA:735,50
DA:736,100
DA:749,1
DA:751,2
DA:752,4
DA:754,1
DA:755,4
DA:774,7
DA:779,7
DA:782,28
DA:783,7
DA:784,7
DA:791,0
DA:795,0
DA:797,0
DA:802,7
DA:803,7
DA:808,6
DA:812,6
DA:818,6
DA:820,6
DA:824,6
DA:825,9
DA:826,3
DA:828,12
LF:202
LH:177
end_of_record
SF:lib/src/foundation/basic_types.dart
DA:127,291
DA:132,291
DA:134,291
DA:137,38
DA:139,114
DA:142,291
DA:144,873
DA:147,49
DA:149,147
DA:152,1
DA:154,3
DA:157,1
DA:159,3
DA:162,2
DA:164,6
DA:167,1
DA:169,3
DA:172,54
DA:174,54
DA:175,108
DA:178,25
DA:180,25
DA:181,50
DA:184,73
DA:185,73
DA:188,291
DA:189,582
DA:191,1164
DA:197,582
DA:202,291
DA:204,582
DA:205,2037
DA:207,1164
DA:210,291
DA:212,1455
DA:214,582
DA:215,1455
DA:216,582
DA:226,1
DA:232,1
DA:234,0
DA:236,0
LF:42
LH:40
end_of_record
SF:lib/src/foundation/binding.dart
DA:52,447
DA:53,447
DA:55,0
DA:56,447
DA:57,0
DA:59,0
DA:60,447
DA:61,0
DA:63,894
DA:65,447
DA:87,124
DA:97,447
DA:100,0
DA:101,894
DA:122,447
DA:125,0
DA:127,447
DA:128,447
DA:130,447
DA:133,447
DA:136,447
DA:140,447
DA:142,1
DA:143,1
DA:144,1
DA:150,447
DA:152,447
DA:154,1
DA:155,1
DA:156,1
DA:157,1
DA:160,1
DA:163,1
DA:170,1
DA:172,5
DA:174,2
DA:176,1
DA:177,1
DA:178,1
DA:179,3
DA:184,447
DA:185,894
DA:194,181
DA:195,362
DA:207,10
DA:209,10
DA:211,0
DA:212,20
DA:213,10
DA:214,0
DA:215,20
DA:216,20
DA:217,10
DA:218,10
DA:219,10
DA:228,10
DA:231,10
DA:252,6
DA:253,12
DA:266,6
DA:269,6
DA:270,6
DA:280,447
DA:285,0
DA:286,0
DA:287,447
DA:289,1
DA:290,2
DA:291,1
DA:310,429
DA:316,0
DA:317,0
DA:318,0
DA:319,429
DA:321,1
DA:322,1
DA:323,4
DA:324,3
DA:326,3
DA:344,432
DA:350,0
DA:351,0
DA:352,0
DA:353,432
DA:355,1
DA:356,1
DA:357,4
DA:358,4
DA:360,4
DA:376,1
DA:377,1
DA:379,1
DA:380,1
DA:389,0
DA:391,0
DA:406,434
DA:412,0
DA:413,0
DA:414,0
DA:415,434
DA:417,1
DA:418,1
DA:419,3
DA:420,3
DA:422,3
DA:478,446
DA:483,0
DA:484,0
DA:485,446
DA:486,446
DA:487,0
DA:488,0
DA:490,0
DA:492,0
DA:504,0
DA:505,0
DA:512,0
DA:518,0
DA:519,0
DA:520,0
DA:522,0
DA:525,0
DA:527,0
DA:529,0
DA:530,0
DA:531,0
DA:539,1
DA:540,2
DA:544,0
DA:545,0
LF:130
LH:89
end_of_record
SF:lib/src/foundation/bitfield.dart
DA:14,1
LF:1
LH:1
end_of_record
SF:lib/src/foundation/change_notifier.dart
DA:56,545
DA:82,0
DA:102,393
DA:103,563
DA:104,563
DA:105,1
DA:106,1
DA:107,1
DA:111,393
DA:130,3
DA:132,3
DA:133,6
DA:139,267
DA:141,267
DA:142,534
DA:164,266
DA:166,266
DA:167,532
DA:176,382
DA:178,382
DA:179,382
DA:197,387
DA:200,387
DA:201,387
DA:202,774
DA:203,516
DA:205,258
DA:206,129
DA:208,4
DA:212,6
DA:213,0
DA:214,0
DA:215,0
DA:228,218
DA:232,218
DA:234,436
DA:235,218
DA:239,218
DA:241,436
DA:242,218
DA:246,1
DA:248,3
DA:259,152
DA:266,36
DA:267,36
DA:269,150
DA:270,300
DA:272,101
DA:273,101
DA:276,1
DA:277,3
LF:51
LH:47
end_of_record
SF:lib/src/foundation/collections.dart
DA:16,148
DA:19,294
DA:21,176
DA:22,85
DA:37,110
DA:40,18
DA:42,12
DA:43,15
DA:53,2
DA:55,2
DA:56,2
DA:57,6
DA:58,2
DA:59,2
DA:60,2
DA:63,2
DA:64,2
DA:69,2
LF:18
LH:18
end_of_record
SF:lib/src/foundation/consolidate_response.dart
DA:46,3
DA:51,0
DA:52,3
DA:54,3
DA:56,3
DA:57,6
DA:59,3
DA:60,3
DA:63,2
DA:66,3
DA:71,3
DA:78,5
DA:79,2
DA:81,4
DA:83,2
DA:85,1
DA:86,1
DA:90,2
DA:91,2
DA:92,4
DA:93,3
DA:95,3
DA:103,2
DA:105,2
DA:106,4
DA:107,6
DA:110,2
DA:112,2
DA:116,6
DA:118,4
DA:119,8
DA:120,4
DA:122,2
DA:125,2
DA:126,2
DA:127,2
LF:36
LH:35
end_of_record
SF:lib/src/foundation/constants.dart
DA:13,550
DA:23,189
DA:33,189
DA:49,1
LF:4
LH:4
end_of_record
SF:lib/src/foundation/debug.dart
DA:24,381
DA:25,381
DA:26,762
DA:29,0
DA:31,381
DA:53,1
DA:55,2
DA:57,2
DA:58,3
DA:59,1
DA:60,4
DA:63,0
DA:74,429
DA:86,45
DA:91,1
DA:93,44
LF:16
LH:14
end_of_record
SF:lib/src/foundation/diagnostics.dart
DA:24,1105
DA:35,550
DA:43,550
DA:52,550
DA:55,550
DA:61,550
DA:66,550
DA:72,550
DA:78,550
DA:84,550
DA:92,1105
DA:94,550
DA:101,550
DA:109,550
DA:116,550
DA:126,550
DA:134,550
DA:142,550
DA:149,550
DA:152,550
DA:163,550
DA:171,550
DA:175,550
DA:191,319
DA:217,0
DA:218,0
DA:219,0
DA:220,0
DA:221,0
DA:222,0
DA:223,0
DA:224,0
DA:225,0
DA:226,0
DA:227,0
DA:228,0
DA:229,0
DA:230,0
DA:231,0
DA:232,0
DA:233,0
DA:234,0
DA:235,0
DA:236,0
DA:237,0
DA:238,638
DA:404,81
DA:458,9
DA:482,18
DA:521,12
DA:591,18
DA:632,30
DA:667,96
DA:690,948
DA:720,21
DA:750,12
DA:767,2750
DA:777,319
DA:790,957
DA:792,23
DA:793,23
DA:794,23
DA:798,319
DA:799,638
DA:800,945
DA:801,315
DA:803,957
DA:818,309
DA:819,399
DA:821,15
DA:825,319
DA:826,638
DA:827,638
DA:828,638
DA:830,638
DA:832,316
DA:839,54
DA:841,54
DA:842,54
DA:843,136
DA:844,136
DA:847,54
DA:848,108
DA:849,54
DA:850,54
DA:852,30
DA:856,108
DA:869,54
DA:870,162
DA:875,18
DA:886,18
DA:888,36
DA:891,54
DA:893,0
DA:895,36
DA:899,18
DA:900,72
DA:901,18
DA:905,18
DA:906,90
DA:907,18
DA:910,18
DA:911,72
DA:913,36
DA:918,18
DA:921,36
DA:924,18
DA:928,12
DA:929,3
DA:934,18
DA:938,18
DA:939,0
DA:957,319
DA:958,319
DA:961,319
DA:962,957
DA:963,319
DA:964,57
DA:965,57
DA:967,319
DA:968,319
DA:969,54
DA:970,108
DA:971,108
DA:972,210
DA:974,68
DA:976,162
DA:979,638
DA:983,57
DA:984,57
DA:985,112
DA:986,56
DA:990,319
DA:995,638
DA:996,957
DA:998,114
DA:999,638
DA:1002,319
DA:1003,1022
DA:1008,30
DA:1009,30
DA:1012,60
DA:1013,0
DA:1015,60
DA:1017,60
DA:1018,30
DA:1019,8
DA:1020,60
DA:1021,30
DA:1025,6
DA:1026,6
DA:1027,42
DA:1028,18
DA:1029,6
DA:1030,6
DA:1031,6
DA:1032,18
DA:1033,6
DA:1034,18
DA:1037,12
DA:1040,319
DA:1041,638
DA:1042,315
DA:1044,638
DA:1049,550
DA:1053,550
DA:1055,321
DA:1056,321
DA:1077,319
DA:1082,0
DA:1099,23
DA:1103,23
DA:1104,69
DA:1108,319
DA:1117,1264
DA:1119,319
DA:1120,0
DA:1121,0
DA:1124,319
DA:1125,319
DA:1126,638
DA:1128,638
DA:1131,2
DA:1136,2
DA:1137,2
DA:1138,0
DA:1139,0
DA:1140,0
DA:1141,0
DA:1142,0
DA:1143,0
DA:1144,0
DA:1145,0
DA:1147,0
DA:1150,2
DA:1151,2
DA:1152,2
DA:1153,0
DA:1154,4
DA:1155,0
DA:1157,6
DA:1159,2
DA:1160,2
DA:1162,319
DA:1165,1826
DA:1168,319
DA:1170,319
DA:1171,638
DA:1172,12
DA:1174,57
DA:1175,57
DA:1176,638
DA:1177,319
DA:1179,1
DA:1181,319
DA:1182,10
DA:1183,7
DA:1186,629
DA:1188,310
DA:1189,310
DA:1190,620
DA:1192,310
DA:1193,616
DA:1197,62
DA:1200,4
DA:1203,310
DA:1204,635
DA:1210,6
DA:1212,638
DA:1215,317
DA:1216,661
DA:1221,638
DA:1222,18
DA:1225,638
DA:1226,939
DA:1229,640
DA:1230,6
DA:1232,0
DA:1233,0
DA:1235,2
DA:1237,6
DA:1238,0
DA:1239,0
DA:1242,319
DA:1248,957
DA:1249,313
DA:1250,620
DA:1253,319
DA:1254,106
DA:1256,319
DA:1257,620
DA:1259,638
DA:1261,319
DA:1262,4
DA:1263,1
DA:1264,1
DA:1265,2
DA:1266,1
DA:1267,2
DA:1270,948
DA:1271,310
DA:1272,310
DA:1273,582
DA:1275,310
DA:1276,620
DA:1280,309
DA:1281,618
DA:1282,927
DA:1285,309
DA:1286,927
DA:1287,584
DA:1289,30
DA:1290,30
DA:1291,30
DA:1295,11
DA:1296,33
DA:1297,44
DA:1300,11
DA:1303,319
DA:1304,620
DA:1306,638
DA:1308,319
DA:1309,636
DA:1311,638
DA:1312,319
DA:1313,319
DA:1314,319
DA:1315,23
DA:1316,69
DA:1318,38
DA:1321,350
DA:1322,23
DA:1323,17
DA:1324,51
DA:1325,30
DA:1328,23
DA:1330,69
DA:1331,23
DA:1332,0
DA:1333,23
DA:1334,69
DA:1335,46
DA:1336,69
DA:1337,46
DA:1343,46
DA:1344,4
DA:1345,16
DA:1346,8
DA:1347,1
DA:1348,1
DA:1349,554
DA:1352,8
DA:1355,39
DA:1356,26
DA:1357,39
DA:1358,26
DA:1364,26
DA:1365,1
DA:1366,4
DA:1367,2
DA:1368,1
DA:1369,1
DA:1370,554
DA:1373,2
DA:1378,638
DA:1379,18
DA:1380,12
DA:1382,319
DA:1401,346
DA:1407,0
DA:1408,0
DA:1413,322
DA:1428,17
DA:1434,0
DA:1435,0
DA:1436,17
DA:1472,1580
DA:1483,11
DA:1496,319
DA:1505,38
DA:1508,38
DA:1511,7
DA:1526,2
DA:1539,5
DA:1542,0
DA:1544,10
DA:1546,5
DA:1547,10
DA:1548,5
DA:1549,5
DA:1550,5
DA:1551,2
DA:1552,10
DA:1553,6
DA:1554,10
DA:1555,3
DA:1556,5
DA:1557,0
DA:1558,10
DA:1559,10
DA:1560,5
DA:1561,0
DA:1564,10
DA:1565,0
DA:1566,5
DA:1567,3
DA:1568,5
DA:1569,5
DA:1570,5
DA:1571,5
DA:1572,2
DA:1573,4
DA:1577,10
DA:1578,2
DA:1579,4
DA:1591,2
DA:1599,2
DA:1600,2
DA:1601,4
DA:1602,2
DA:1605,4
DA:1606,4
DA:1607,2
DA:1609,2
DA:1622,306
DA:1628,0
DA:1630,306
DA:1631,0
DA:1632,612
DA:1633,297
DA:1635,23
DA:1637,26
DA:1640,3
DA:1641,4
DA:1646,319
DA:1648,319
DA:1649,319
DA:1650,319
DA:1652,319
DA:1653,6
DA:1654,319
DA:1655,26
DA:1656,319
DA:1657,3
DA:1658,319
DA:1659,8
DA:1660,319
DA:1661,4
DA:1662,319
DA:1663,316
DA:1664,32
DA:1665,7
DA:1666,32
DA:1667,4
DA:1668,32
DA:1669,6
DA:1670,32
DA:1673,2
DA:1674,32
DA:1675,31
DA:1697,315
DA:1706,315
DA:1710,315
DA:1755,12
DA:1760,0
DA:1761,0
DA:1762,0
DA:1763,0
DA:1764,12
DA:1777,28
DA:1788,0
DA:1789,0
DA:1790,0
DA:1791,0
DA:1792,28
DA:1807,3
DA:1809,3
DA:1810,6
DA:1814,20
DA:1816,40
DA:1818,16
DA:1823,10
DA:1826,20
DA:1829,19
DA:1830,1
DA:1831,18
DA:1833,6
DA:1838,51
DA:1848,51
DA:1859,2
DA:1869,2
DA:1880,3
DA:1882,3
DA:1883,3
DA:1884,2
DA:1886,6
DA:1900,41
DA:1902,41
DA:1903,8
DA:1905,107
DA:1915,49
DA:1925,0
DA:1926,0
DA:1927,0
DA:1928,49
DA:1946,2
DA:1955,0
DA:1956,0
DA:1957,2
DA:1968,39
DA:1969,78
DA:1979,22
DA:1988,0
DA:1989,0
DA:1990,0
DA:1991,22
DA:2001,15
DA:2002,30
DA:2016,6
DA:2024,0
DA:2025,0
DA:2026,6
DA:2036,5
DA:2038,5
DA:2039,2
DA:2040,21
DA:2043,5
DA:2045,5
DA:2046,0
DA:2047,25
DA:2097,164
DA:2105,0
DA:2106,0
DA:2107,0
DA:2108,164
DA:2116,2
DA:2118,2
DA:2119,2
DA:2120,4
DA:2121,2
DA:2122,4
DA:2139,46
DA:2141,92
DA:2142,44
DA:2143,44
DA:2144,22
DA:2145,10
DA:2146,9
DA:2148,4
DA:2151,46
DA:2153,284
DA:2160,45
DA:2163,163
DA:2165,326
DA:2166,44
DA:2169,326
DA:2170,157
DA:2173,46
DA:2193,25
DA:2203,0
DA:2204,0
DA:2205,0
DA:2206,0
DA:2207,25
DA:2219,7
DA:2221,7
DA:2222,6
DA:2224,12
DA:2225,5
DA:2227,5
DA:2230,9
DA:2233,20
DA:2243,24
DA:2245,29
DA:2247,24
DA:2250,1
DA:2252,1
DA:2253,1
DA:2254,6
DA:2273,291
DA:2278,0
DA:2279,291
DA:2286,285
DA:2288,285
DA:2289,8
DA:2290,570
DA:2319,253
DA:2326,0
DA:2327,0
DA:2328,0
DA:2329,253
DA:2343,19
DA:2347,0
DA:2348,0
DA:2349,19
DA:2350,19
DA:2364,3
DA:2366,3
DA:2367,3
DA:2368,3
DA:2370,1
DA:2371,0
DA:2373,1
DA:2376,6
DA:2378,20
DA:2385,6
DA:2388,252
DA:2390,252
DA:2391,251
DA:2394,21
DA:2398,6
DA:2401,1
DA:2403,1
DA:2404,1
DA:2405,2
DA:2434,346
DA:2451,0
DA:2452,0
DA:2453,0
DA:2454,0
DA:2461,346
DA:2481,2
DA:2497,0
DA:2498,0
DA:2499,3
DA:2500,0
DA:2501,0
DA:2502,0
DA:2509,2
DA:2528,5
DA:2530,5
DA:2532,9
DA:2534,1
DA:2535,1
DA:2536,3
DA:2541,5
DA:2543,1
DA:2545,10
DA:2546,9
DA:2547,5
DA:2548,2
DA:2549,5
DA:2550,4
DA:2551,5
DA:2552,4
DA:2553,10
DA:2554,5
DA:2555,3
DA:2556,15
DA:2557,15
DA:2558,20
DA:2559,1
DA:2560,35
DA:2561,10
DA:2578,215
DA:2579,215
DA:2583,512
DA:2586,321
DA:2588,321
DA:2589,482
DA:2591,321
DA:2592,6
DA:2594,351
DA:2595,42
DA:2597,321
DA:2598,323
DA:2599,0
DA:2600,321
DA:2608,321
DA:2609,0
DA:2610,357
DA:2642,5
DA:2654,339
DA:2656,339
DA:2657,339
DA:2669,339
DA:2670,339
DA:2671,339
DA:2674,339
DA:2675,339
DA:2678,2
DA:2679,2
DA:2681,4
DA:2683,2
DA:2684,2
DA:2707,338
DA:2709,676
DA:2710,33
DA:2712,338
DA:2715,608
DA:2719,1675
DA:2722,336
DA:2727,317
DA:2729,317
DA:2730,1
DA:2731,1
DA:2732,1
DA:2734,1
DA:2735,3
DA:2741,319
DA:2743,319
DA:2744,1
DA:2745,1
DA:2746,1
DA:2748,1
DA:2749,3
DA:2762,315
DA:2766,0
DA:2767,315
DA:2780,315
DA:2783,315
DA:2784,630
DA:2785,945
DA:2787,315
DA:2790,315
DA:2792,383
DA:2795,315
DA:2796,630
DA:2798,315
DA:2799,630
DA:2801,256
DA:2806,315
DA:2811,630
DA:2818,219
DA:2822,219
DA:2828,219
DA:2830,219
DA:2831,438
DA:2838,308
DA:2839,1232
DA:2851,1228
DA:2871,288
DA:2872,288
DA:2873,288
DA:2874,1440
DA:2875,576
DA:2883,634
DA:2886,6
DA:2889,317
DA:2891,634
DA:2938,550
DA:2974,496
DA:2976,261
DA:2979,261
DA:2980,522
DA:2982,261
DA:2983,0
DA:2995,252
DA:2996,252
DA:3210,275
DA:3231,547
DA:3250,0
DA:3255,0
DA:3257,0
DA:3258,0
DA:3259,0
DA:3260,0
DA:3261,0
DA:3262,0
DA:3263,0
DA:3265,0
DA:3286,7
DA:3291,14
DA:3294,0
DA:3295,0
DA:3297,31
DA:3299,31
DA:3323,18
DA:3331,0
DA:3333,0
DA:3336,0
DA:3342,0
DA:3344,0
DA:3345,0
DA:3346,0
DA:3347,0
DA:3348,0
DA:3349,0
DA:3350,2
DA:3352,0
DA:3355,0
DA:3361,0
DA:3364,0
DA:3365,0
DA:3367,0
DA:3369,0
DA:3376,0
DA:3379,0
DA:3391,8
DA:3406,8
DA:3426,7
DA:3427,7
DA:3429,7
DA:3430,7
DA:3432,7
DA:3433,7
DA:3544,4
DA:3549,4
DA:3554,1
DA:3556,5
DA:3559,4
DA:3562,1
DA:3567,1
DA:3578,1
DA:3583,1
DA:3585,1
DA:3586,0
DA:3587,1
LF:768
LH:637
end_of_record
SF:lib/src/foundation/isolates.dart
DA:49,2
LF:1
LH:1
end_of_record
SF:lib/src/foundation/key.dart
DA:32,382
DA:44,762
DA:61,149
DA:66,124
DA:68,372
DA:71,330
DA:74,112
DA:75,336
DA:77,8
DA:79,24
DA:82,32
DA:83,8
DA:84,0
DA:89,8
LF:14
LH:13
end_of_record
SF:lib/src/foundation/licenses.dart
DA:17,2
DA:35,2
DA:47,2
DA:58,1100
DA:59,550
DA:60,550
DA:123,2
DA:144,2
DA:151,2
DA:153,2
DA:154,2
DA:155,6
DA:158,2
DA:159,2
DA:160,0
DA:161,4
DA:162,8
DA:163,4
DA:164,2
DA:168,6
DA:170,2
DA:171,2
DA:172,4
DA:173,2
DA:174,1
DA:175,1
DA:178,2
DA:179,0
DA:180,0
DA:183,2
DA:184,2
DA:185,1
DA:186,1
DA:191,1
DA:194,2
DA:201,1
DA:205,3
DA:206,1
DA:212,2
DA:215,2
DA:220,2
DA:221,4
DA:222,2
DA:223,1
DA:226,1
DA:229,2
DA:230,1
DA:231,1
DA:235,1
DA:243,2
DA:246,2
DA:247,1
DA:248,1
DA:251,2
DA:252,2
DA:253,2
DA:286,0
DA:297,50
DA:298,50
DA:299,50
DA:305,2
DA:308,2
DA:309,4
DA:314,1
LF:64
LH:60
end_of_record
SF:lib/src/foundation/node.dart
DA:47,770
DA:54,421
DA:56,1263
DA:57,1263
DA:58,1263
DA:59,421
DA:67,407
DA:72,866
DA:80,868
DA:90,430
DA:92,0
DA:93,430
DA:94,430
DA:104,406
DA:106,406
DA:107,406
DA:108,2014
DA:112,866
DA:118,421
DA:121,0
DA:122,421
DA:123,421
DA:125,421
DA:126,392
DA:127,421
DA:129,421
DA:130,421
DA:131,421
DA:132,836
DA:133,421
DA:139,407
DA:142,0
DA:143,814
DA:144,1221
DA:145,407
DA:146,407
DA:147,406
LF:37
LH:34
end_of_record
SF:lib/src/foundation/observer_list.dart
DA:19,292
DA:20,292
DA:21,584
DA:29,281
DA:30,281
DA:31,562
DA:34,243
DA:36,729
DA:37,484
DA:39,105
DA:40,105
DA:41,315
DA:43,102
DA:44,153
DA:46,105
DA:49,210
DA:52,392
DA:53,784
DA:55,0
DA:56,0
DA:58,3
DA:59,6
LF:22
LH:20
end_of_record
SF:lib/src/foundation/platform.dart
DA:36,798
DA:41,1106
DA:43,550
DA:46,550
DA:49,550
LF:5
LH:5
end_of_record
SF:lib/src/foundation/print.dart
DA:29,392
DA:33,1
DA:35,6
DA:37,1
DA:43,3
DA:44,4
DA:46,5
DA:48,6
DA:51,3
DA:54,3
DA:55,3
DA:56,9
DA:57,9
DA:60,3
DA:62,9
DA:63,2
DA:64,2
DA:67,9
DA:68,6
DA:69,6
DA:70,3
DA:72,6
DA:75,1
DA:76,1
DA:78,6
DA:79,1
DA:87,2
DA:89,3
DA:90,2750
DA:108,1
DA:109,5
DA:113,2
DA:114,4
DA:118,1
DA:124,1
DA:125,4
DA:126,1
DA:130,1
DA:131,4
DA:132,1
DA:135,1
DA:136,4
DA:138,2
DA:144,2
DA:146,1
DA:149,2
DA:152,1
DA:155,4
DA:156,1
DA:161,1
DA:165,2
DA:166,0
LF:52
LH:51
end_of_record
SF:lib/src/foundation/profile.dart
DA:17,1
DA:21,1
LF:2
LH:2
end_of_record
SF:lib/src/foundation/serialization.dart
DA:17,68
DA:18,136
DA:19,136
DA:20,272
DA:28,68
DA:29,136
DA:33,1
DA:34,3
DA:35,3
DA:39,1
DA:40,3
DA:41,3
DA:45,68
DA:46,204
DA:47,204
DA:51,3
DA:52,9
DA:53,9
DA:57,4
DA:58,4
DA:59,12
DA:60,12
DA:64,66
DA:65,132
DA:69,2
DA:70,2
DA:71,14
DA:75,2
DA:76,2
DA:77,14
DA:81,2
DA:82,2
DA:83,14
DA:86,5
DA:87,15
DA:88,5
DA:89,15
DA:90,10
DA:95,68
DA:96,340
DA:97,68
DA:107,12
DA:108,0
DA:117,55
DA:120,12
DA:121,48
DA:125,0
DA:126,0
DA:127,0
DA:132,0
DA:133,0
DA:134,0
DA:139,11
DA:140,44
DA:141,22
DA:146,3
DA:147,12
DA:148,6
DA:153,4
DA:154,4
DA:155,16
DA:156,8
DA:161,10
DA:162,70
DA:163,20
DA:168,2
DA:169,2
DA:170,14
DA:171,6
DA:176,2
DA:177,2
DA:178,14
DA:179,6
DA:184,2
DA:185,2
DA:186,14
DA:187,6
DA:191,5
DA:192,10
DA:193,5
DA:194,15
LF:81
LH:74
end_of_record
SF:lib/src/foundation/synchronous_future.dart
DA:21,174
DA:25,1
DA:27,1
DA:28,2
DA:29,1
DA:30,1
DA:33,12
DA:34,24
DA:36,174
DA:38,348
DA:39,174
DA:41,174
DA:44,1
DA:46,3
DA:49,1
DA:52,1
DA:53,1
DA:54,3
DA:57,1
LF:19
LH:19
end_of_record
SF:lib/src/foundation/unicode.dart
DA:14,0
LF:1
LH:0
end_of_record
SF:lib/src/gestures/arena.dart
DA:12,1100
DA:14,550
DA:17,550
DA:41,177
DA:51,170
DA:52,680
DA:68,177
DA:69,177
DA:70,354
DA:73,0
DA:75,0
DA:76,0
DA:77,0
DA:79,0
DA:80,0
DA:81,0
DA:82,0
DA:83,0
DA:85,0
DA:86,0
DA:87,0
DA:88,0
DA:89,0
DA:90,0
DA:91,0
DA:106,177
DA:107,531
DA:108,177
DA:109,177
DA:111,177
DA:112,354
DA:113,177
DA:119,184
DA:120,368
DA:123,177
DA:124,177
DA:125,177
DA:141,169
DA:142,338
DA:145,64
DA:146,64
DA:147,4
DA:148,4
DA:151,64
DA:152,128
DA:153,128
DA:155,256
DA:156,192
DA:158,203
DA:159,33
DA:175,4
DA:176,8
DA:179,4
DA:180,4
DA:192,3
DA:193,6
DA:196,3
DA:197,3
DA:198,3
DA:199,3
DA:205,170
DA:206,340
DA:209,240
DA:210,160
DA:211,80
DA:212,132
DA:213,66
DA:214,66
DA:215,66
DA:217,55
DA:218,55
DA:219,17
DA:221,92
DA:222,46
DA:227,177
DA:228,531
DA:229,177
DA:230,531
DA:231,525
DA:232,148
DA:233,22
DA:234,11
DA:235,74
DA:236,15
DA:237,10
DA:241,175
DA:242,350
DA:244,504
DA:245,168
DA:246,168
DA:247,336
DA:248,336
DA:249,672
DA:250,504
DA:253,46
DA:254,138
DA:255,0
DA:256,56
DA:257,46
DA:258,92
DA:259,92
DA:260,46
DA:261,36
DA:263,46
DA:266,177
DA:267,177
DA:269,2
DA:270,1
DA:271,6
DA:274,177
LF:110
LH:93
end_of_record
SF:lib/src/gestures/binding.dart
DA:62,0
DA:64,0
DA:66,0
DA:69,0
DA:71,0
DA:72,0
DA:76,182
DA:81,0
DA:84,0
DA:85,0
DA:86,0
DA:93,0
DA:94,0
DA:95,0
DA:96,0
DA:99,0
DA:100,0
DA:101,0
DA:102,0
DA:122,0
DA:123,0
DA:125,0
DA:126,0
DA:127,0
DA:128,0
DA:129,0
DA:130,0
DA:132,3
DA:134,0
DA:136,0
DA:137,0
DA:138,0
DA:139,0
DA:145,0
DA:147,10
DA:148,0
DA:149,0
DA:151,0
DA:153,0
DA:154,0
DA:155,0
DA:156,0
DA:161,0
DA:163,0
DA:172,0
DA:174,0
DA:178,0
DA:180,0
DA:182,0
DA:186,0
DA:189,0
DA:190,0
DA:196,0
DA:198,0
DA:200,0
DA:204,0
DA:207,0
DA:208,0
DA:209,0
DA:216,0
DA:218,0
DA:219,0
DA:220,0
DA:221,0
DA:222,0
DA:223,0
DA:224,0
DA:240,0
DA:249,0
LF:69
LH:3
end_of_record
SF:lib/src/gestures/constants.dart
DA:10,152
DA:16,0
DA:25,54
DA:31,14
DA:35,3
DA:40,2
DA:49,0
DA:68,0
DA:72,9
DA:76,2
DA:96,0
LF:11
LH:7
end_of_record
SF:lib/src/gestures/converter.dart
DA:12,3
DA:14,6
DA:17,3
DA:18,3
DA:19,3
DA:22,6
DA:24,3
DA:25,3
DA:26,3
DA:28,2
DA:29,2
DA:30,2
DA:35,6
DA:37,0
DA:39,0
DA:48,3
DA:50,3
DA:52,2
DA:53,1
DA:54,1
DA:55,2
DA:59,1
DA:69,0
DA:76,1
DA:77,2
DA:81,9
DA:83,3
DA:84,6
DA:85,3
DA:86,6
DA:97,3
DA:98,6
DA:99,12
DA:100,6
DA:101,6
DA:102,6
DA:103,6
DA:104,3
DA:105,3
DA:106,3
DA:107,5
DA:108,3
DA:109,3
DA:110,3
DA:111,1
DA:112,2
DA:113,1
DA:116,1
DA:118,1
DA:119,1
DA:120,1
DA:121,1
DA:122,1
DA:125,1
DA:126,1
DA:129,3
DA:130,6
DA:131,2
DA:132,2
DA:134,4
DA:135,2
DA:138,2
DA:140,2
DA:141,2
DA:142,2
DA:143,2
DA:144,2
DA:147,2
DA:148,2
DA:151,2
DA:154,2
DA:156,2
DA:157,2
DA:158,2
DA:159,2
DA:160,2
DA:161,2
DA:162,2
DA:163,2
DA:168,2
DA:169,2
DA:171,2
DA:173,3
DA:174,9
DA:175,3
DA:176,3
DA:178,4
DA:179,2
DA:182,2
DA:184,2
DA:185,2
DA:186,2
DA:187,2
DA:188,2
DA:191,2
DA:192,2
DA:195,6
DA:199,1
DA:202,1
DA:204,1
DA:205,1
DA:206,1
DA:207,1
DA:208,1
DA:209,1
DA:210,1
DA:211,1
DA:216,1
DA:217,1
DA:220,1
DA:222,3
DA:223,3
DA:224,3
DA:226,3
DA:228,3
DA:230,6
DA:231,3
DA:232,3
DA:233,3
DA:234,3
DA:235,3
DA:236,3
DA:241,3
DA:242,3
DA:245,3
DA:249,6
DA:250,6
DA:251,2
DA:252,2
DA:254,2
DA:256,2
DA:258,2
DA:259,4
DA:260,2
DA:261,2
DA:262,2
DA:263,2
DA:264,2
DA:265,2
DA:270,2
DA:271,2
DA:272,2
DA:274,2
DA:276,3
DA:277,2
DA:278,6
DA:279,6
DA:280,2
DA:281,4
DA:287,1
DA:289,1
DA:291,1
DA:293,1
DA:294,2
DA:295,1
DA:296,1
DA:297,1
DA:298,1
DA:299,1
DA:300,1
DA:305,1
DA:306,1
DA:309,1
DA:311,4
DA:312,2
DA:313,4
DA:314,2
DA:316,2
DA:318,2
DA:320,2
DA:321,2
DA:322,2
DA:323,2
DA:324,2
DA:325,2
DA:326,2
DA:327,2
DA:332,2
DA:333,2
DA:336,1
DA:338,1
DA:340,1
DA:342,1
DA:343,1
DA:344,1
DA:345,1
DA:346,1
DA:347,1
DA:348,1
DA:353,1
DA:354,1
DA:358,2
DA:359,6
DA:360,6
DA:361,2
DA:362,1
DA:364,1
DA:366,1
DA:367,1
DA:368,1
DA:369,1
DA:370,1
DA:371,1
DA:372,1
DA:373,1
DA:374,1
DA:379,1
DA:380,1
DA:383,4
DA:384,2
DA:387,2
DA:389,2
DA:390,2
DA:391,2
DA:392,2
DA:393,2
DA:394,2
DA:395,2
DA:396,2
DA:401,2
DA:402,2
DA:406,6
DA:407,2
DA:410,2
DA:412,2
DA:413,2
DA:414,2
DA:415,2
DA:422,1
DA:423,1
DA:425,3
DA:426,1
DA:427,2
DA:432,1
DA:433,1
DA:435,1
DA:437,1
DA:439,1
DA:440,2
DA:441,1
DA:442,1
DA:443,1
DA:444,1
DA:445,1
DA:446,1
DA:451,1
DA:452,1
DA:456,1
DA:459,1
DA:461,1
DA:462,1
DA:463,1
DA:464,1
DA:465,1
DA:466,1
DA:467,1
DA:468,1
DA:473,1
DA:474,1
DA:478,1
DA:481,4
DA:482,1
DA:485,1
DA:490,0
DA:491,0
DA:493,0
DA:501,3
DA:502,3
LF:268
LH:262
end_of_record
SF:lib/src/gestures/debug.dart
DA:59,381
DA:60,381
DA:64,0
DA:66,381
LF:4
LH:3
end_of_record
SF:lib/src/gestures/drag.dart
DA:16,1
DA:22,0
DA:28,0
LF:3
LH:1
end_of_record
SF:lib/src/gestures/drag_details.dart
DA:23,106
DA:26,0
DA:45,1
DA:46,3
DA:69,95
DA:73,0
DA:102,1
DA:103,3
DA:131,89
DA:137,0
DA:138,0
DA:139,282
DA:140,248
DA:186,1
DA:187,3
DA:211,89
DA:214,0
DA:215,0
DA:216,264
DA:217,57
DA:236,1
DA:237,3
LF:22
LH:16
end_of_record
SF:lib/src/gestures/eager.dart
DA:18,2
DA:20,1
DA:23,3
DA:24,1
DA:25,2
DA:28,0
DA:31,1
DA:34,0
LF:8
LH:6
end_of_record
SF:lib/src/gestures/events.dart
DA:50,2
DA:61,5
DA:70,0
DA:81,1
DA:115,0
DA:124,4
DA:132,4
DA:152,3
DA:173,4
DA:200,187
DA:337,3
DA:475,3
DA:477,3
DA:478,9
DA:479,12
DA:480,9
DA:481,12
DA:482,9
DA:483,9
DA:484,9
DA:485,9
DA:486,9
DA:487,9
DA:488,9
DA:489,9
DA:490,9
DA:491,9
DA:492,9
DA:493,9
DA:494,9
DA:495,9
DA:496,9
DA:497,9
DA:498,9
DA:499,9
DA:500,9
DA:501,9
DA:502,9
DA:503,9
DA:507,1
DA:508,1
DA:516,163
DA:520,486
DA:521,162
DA:522,486
DA:532,92
DA:546,28
DA:547,174
DA:548,87
DA:559,400
DA:560,400
DA:561,400
DA:562,400
DA:563,400
DA:575,15
DA:592,15
DA:612,14
DA:614,2
DA:617,1
DA:618,1
DA:619,1
DA:620,1
DA:621,1
DA:622,2
DA:623,1
DA:624,1
DA:625,1
DA:626,1
DA:627,1
DA:628,1
DA:629,1
DA:630,1
DA:631,1
DA:633,1
DA:646,18
DA:660,18
DA:677,18
DA:679,2
DA:682,1
DA:683,1
DA:684,1
DA:685,1
DA:686,1
DA:687,2
DA:688,1
DA:689,1
DA:690,1
DA:691,1
DA:692,1
DA:693,1
DA:695,1
DA:714,15
DA:738,15
DA:766,14
DA:768,2
DA:771,2
DA:772,1
DA:773,1
DA:774,1
DA:775,1
DA:776,1
DA:778,1
DA:779,1
DA:781,1
DA:782,1
DA:785,1
DA:786,1
DA:787,1
DA:788,1
DA:789,1
DA:790,1
DA:791,1
DA:792,1
DA:793,1
DA:794,1
DA:795,1
DA:796,1
DA:797,1
DA:798,1
DA:800,1
DA:819,14
DA:843,14
DA:874,0
DA:875,0
DA:880,28
DA:881,14
DA:882,14
DA:883,14
DA:884,14
DA:885,14
DA:886,14
DA:887,14
DA:888,14
DA:889,14
DA:890,14
DA:891,14
DA:892,14
DA:893,14
DA:894,14
DA:895,14
DA:896,14
DA:897,14
DA:898,14
DA:899,14
DA:900,14
DA:901,14
DA:902,14
DA:903,14
DA:906,1
DA:908,2
DA:911,2
DA:912,1
DA:913,1
DA:914,1
DA:915,1
DA:916,1
DA:918,1
DA:919,1
DA:921,1
DA:922,1
DA:925,1
DA:926,1
DA:927,1
DA:928,1
DA:929,1
DA:930,1
DA:931,1
DA:932,1
DA:933,1
DA:934,1
DA:935,1
DA:936,1
DA:937,1
DA:938,1
DA:940,1
DA:959,14
DA:983,14
DA:1014,0
DA:1015,0
DA:1020,28
DA:1021,14
DA:1022,14
DA:1023,14
DA:1024,14
DA:1025,14
DA:1026,14
DA:1027,14
DA:1028,14
DA:1029,14
DA:1030,14
DA:1031,14
DA:1032,14
DA:1033,14
DA:1034,14
DA:1035,14
DA:1036,14
DA:1037,14
DA:1038,14
DA:1039,14
DA:1040,14
DA:1041,14
DA:1042,14
DA:1043,14
DA:1046,1
DA:1048,2
DA:1051,2
DA:1052,1
DA:1053,1
DA:1054,1
DA:1055,1
DA:1056,1
DA:1058,1
DA:1059,1
DA:1061,1
DA:1062,1
DA:1065,1
DA:1066,1
DA:1067,1
DA:1068,1
DA:1069,1
DA:1070,1
DA:1071,1
DA:1072,1
DA:1073,1
DA:1074,1
DA:1075,1
DA:1076,1
DA:1077,1
DA:1078,1
DA:1080,1
DA:1090,186
DA:1112,186
DA:1138,183
DA:1140,322
DA:1143,161
DA:1144,161
DA:1145,161
DA:1146,161
DA:1147,161
DA:1148,161
DA:1149,322
DA:1150,161
DA:1151,161
DA:1152,161
DA:1153,161
DA:1154,161
DA:1155,161
DA:1156,161
DA:1157,161
DA:1158,161
DA:1159,161
DA:1160,161
DA:1161,161
DA:1162,161
DA:1164,161
DA:1180,106
DA:1206,106
DA:1236,105
DA:1238,174
DA:1241,174
DA:1243,87
DA:1244,87
DA:1245,87
DA:1246,87
DA:1247,87
DA:1248,87
DA:1250,87
DA:1251,87
DA:1253,87
DA:1254,87
DA:1257,87
DA:1258,87
DA:1259,87
DA:1260,87
DA:1261,87
DA:1262,87
DA:1263,87
DA:1264,87
DA:1265,87
DA:1266,87
DA:1267,87
DA:1268,87
DA:1269,87
DA:1270,87
DA:1271,87
DA:1273,87
DA:1283,177
DA:1308,177
DA:1334,175
DA:1336,304
DA:1339,152
DA:1340,152
DA:1341,152
DA:1342,152
DA:1343,152
DA:1344,152
DA:1345,304
DA:1346,152
DA:1347,152
DA:1348,152
DA:1349,152
DA:1350,152
DA:1351,152
DA:1352,152
DA:1353,152
DA:1354,152
DA:1355,152
DA:1356,152
DA:1357,152
DA:1358,152
DA:1359,152
DA:1361,152
DA:1374,5
DA:1383,5
DA:1403,5
DA:1412,0
DA:1413,0
DA:1414,0
DA:1415,0
DA:1416,0
DA:1417,5
DA:1430,4
DA:1432,8
DA:1435,4
DA:1436,4
DA:1437,4
DA:1438,4
DA:1439,4
DA:1440,8
DA:1441,4
DA:1443,4
DA:1447,0
DA:1449,0
DA:1450,0
DA:1459,12
DA:1481,12
DA:1507,5
DA:1509,6
DA:1512,3
DA:1513,3
DA:1514,3
DA:1515,3
DA:1516,3
DA:1517,3
DA:1518,6
DA:1519,3
DA:1520,3
DA:1521,3
DA:1522,3
DA:1523,3
DA:1524,3
DA:1525,3
DA:1526,3
DA:1527,3
DA:1528,3
DA:1529,3
DA:1530,3
DA:1531,3
DA:1533,3
LF:359
LH:345
end_of_record
SF:lib/src/gestures/force_press.dart
DA:14,1100
DA:16,550
DA:19,550
DA:25,550
DA:29,550
DA:34,550
DA:52,6
DA:56,0
DA:57,0
DA:126,9
DA:132,0
DA:133,0
DA:134,0
DA:135,9
DA:136,9
DA:215,8
DA:220,24
DA:221,7
DA:223,18
DA:224,12
DA:225,6
DA:226,12
DA:231,6
DA:233,12
DA:235,12
DA:236,36
DA:237,2
DA:238,4
DA:239,1
DA:240,6
DA:244,24
DA:246,12
DA:247,1
DA:250,12
DA:251,6
DA:253,12
DA:254,12
DA:255,5
DA:256,5
DA:257,15
DA:258,1
DA:263,24
DA:264,2
DA:265,2
DA:266,8
DA:268,4
DA:269,4
DA:273,10
DA:274,4
DA:275,2
DA:276,2
DA:277,8
DA:279,2
DA:280,2
DA:284,8
DA:285,8
DA:286,2
DA:287,8
DA:289,2
DA:290,2
DA:295,6
DA:298,6
DA:300,12
DA:301,3
DA:303,18
DA:304,20
DA:305,5
DA:306,10
DA:307,10
DA:312,6
DA:314,18
DA:315,12
DA:316,2
DA:319,6
DA:320,6
DA:321,24
DA:323,12
DA:324,12
DA:328,6
DA:331,2
DA:333,2
DA:334,2
DA:337,6
DA:338,6
DA:339,18
DA:343,6
DA:344,6
DA:348,0
LF:88
LH:82
end_of_record
SF:lib/src/gestures/hit_test.dart
DA:16,0
DA:29,0
DA:39,0
[...]
DA:807,1
DA:808,1
DA:814,1
DA:815,2
DA:816,2
DA:817,1
DA:818,550
DA:819,1
DA:821,1
DA:822,3
DA:824,3
DA:825,2
DA:826,1
DA:827,2
DA:832,2
DA:833,2
DA:834,2
DA:837,2
DA:838,12
DA:841,1
DA:843,2
DA:844,1
DA:845,2
DA:846,2
DA:849,0
DA:850,0
DA:854,2
DA:858,2
DA:862,2
DA:868,2
DA:869,2
DA:872,2
DA:874,2
DA:878,2
DA:880,2
DA:881,2
DA:882,4
DA:883,4
DA:884,4
DA:885,2
DA:888,1
DA:890,1
DA:891,2
DA:892,1
DA:893,1
DA:896,2
DA:902,4
DA:903,2
DA:904,4
DA:909,2
DA:911,4
DA:920,2
DA:927,2
DA:933,2
DA:934,2
DA:935,2
DA:936,2
DA:937,2
DA:938,2
DA:943,3
DA:947,2
DA:948,3
DA:949,2
DA:950,3
DA:953,2
DA:954,4
DA:956,0
DA:958,0
DA:959,0
DA:962,2
DA:964,4
DA:965,2
DA:972,1
DA:973,1
DA:991,554
DA:993,553
DA:994,1
DA:995,3
DA:996,2
DA:997,1
DA:999,2
DA:1000,1
DA:1001,1
DA:1002,1
DA:1003,1
DA:1004,1
DA:1006,1
DA:1010,1
DA:1011,1
DA:1012,1
DA:1014,4
DA:1015,1
DA:1018,2
DA:1019,1
DA:1020,1
DA:1021,1
DA:1022,2
DA:1024,1
DA:1025,1
DA:1031,2
DA:1032,4
DA:1034,1
DA:1035,1
DA:1037,1
DA:1041,1
DA:1045,0
DA:1047,0
DA:1052,2
DA:1054,4
DA:1058,2
DA:1061,4
DA:1062,2
DA:1063,4
DA:1069,2
DA:1075,2
DA:1076,0
DA:1078,1
DA:1079,0
DA:1080,3
DA:1081,1
DA:1082,4
DA:1083,1
DA:1084,4
DA:1085,1
DA:1086,3
DA:1091,1
DA:1097,4
DA:1100,1
DA:1102,4
DA:1105,0
DA:1107,0
DA:1110,1
DA:1111,2
DA:1112,1
DA:1113,1
DA:1114,1
DA:1115,3
DA:1116,1
DA:1120,2
DA:1122,2
DA:1123,4
DA:1126,2
DA:1127,18
DA:1130,1
DA:1132,2
DA:1135,1
DA:1137,2
DA:1140,1
DA:1142,2
DA:1143,1
DA:1147,2750
DA:1150,1
DA:1155,1
DA:1159,1
DA:1160,1
DA:1162,0
DA:1164,0
DA:1167,1
DA:1169,6
DA:1172,1
DA:1174,4
DA:1179,1
DA:1185,3
DA:1186,3
DA:1187,1
DA:1192,1
DA:1193,1
DA:1195,0
DA:1197,0
DA:1200,0
DA:1202,0
DA:1205,1
DA:1208,2
DA:1209,3
DA:1211,3
DA:1212,2
DA:1215,0
DA:1216,0
DA:1218,0
DA:1219,0
DA:1223,0
DA:1226,4
DA:1227,0
DA:1231,0
DA:1233,0
DA:1278,2
DA:1293,0
DA:1296,1
DA:1297,2
DA:1298,1
DA:1299,1
DA:1302,4
DA:1304,0
DA:1307,0
DA:1308,0
DA:1311,0
DA:1315,0
DA:1318,0
DA:1341,1
DA:1345,0
DA:1346,1
DA:1354,1
DA:1356,1
DA:1357,1
DA:1361,1
DA:1364,2
DA:1367,0
DA:1369,0
DA:1370,0
DA:1388,1
DA:1391,0
DA:1393,1
DA:1400,2
DA:1402,1
DA:1403,0
DA:1404,2
DA:1406,0
DA:1407,0
DA:1408,0
DA:1409,0
DA:1411,0
DA:1414,1
DA:1416,1
DA:1417,3
DA:1420,1
DA:1422,3
DA:1423,1
DA:1426,1
DA:1428,3
DA:1429,1
DA:1430,0
DA:1433,3
DA:1434,2
DA:1435,2
DA:1436,3
DA:1437,1
DA:1438,1
DA:1439,3
DA:1440,1
DA:1441,1
DA:1442,1
DA:1443,1
DA:1444,1
DA:1445,1
DA:1447,4
DA:1450,1
DA:1455,0
DA:1457,0
DA:1458,0
DA:1462,1
DA:1464,1
DA:1465,2
DA:1468,0
DA:1470,0
DA:1471,0
DA:1491,1
DA:1495,0
DA:1496,1
DA:1504,1
DA:1506,1
DA:1507,1
DA:1511,0
DA:1514,0
DA:1517,0
DA:1519,0
DA:1520,0
DA:1535,1
DA:1537,0
DA:1548,2
DA:1550,0
DA:1551,0
DA:1552,0
DA:1554,0
DA:1555,0
DA:1557,0
DA:1558,0
DA:1559,0
DA:1560,0
DA:1561,0
DA:1562,0
DA:1566,1
DA:1568,1
DA:1569,3
DA:1570,4
DA:1571,0
DA:1572,1
DA:1575,1
DA:1577,3
DA:1578,1
DA:1581,1
DA:1583,3
DA:1584,3
DA:1585,556
DA:1586,2
DA:1587,1
DA:1588,550
DA:1589,1
DA:1593,1
DA:1595,1
DA:1597,0
DA:1598,0
DA:1599,0
DA:1600,0
DA:1602,0
DA:1603,0
DA:1604,0
DA:1605,0
DA:1606,0
DA:1607,0
DA:1609,0
DA:1610,0
DA:1611,0
DA:1612,0
DA:1613,0
DA:1616,0
DA:1617,0
DA:1621,1
DA:1624,0
DA:1626,0
DA:1627,0
DA:1639,2
DA:1648,0
DA:1649,2
DA:1662,2
DA:1664,2
DA:1665,2
DA:1666,6
DA:1667,2
DA:1668,2
DA:1669,2
DA:1673,2
DA:1676,4
DA:1677,8
DA:1678,4
DA:1679,4
DA:1680,4
DA:1683,0
DA:1685,0
DA:1686,0
DA:1698,2
DA:1706,0
DA:1708,2
DA:1718,4
DA:1721,2
DA:1722,0
DA:1723,4
DA:1725,0
DA:1726,0
DA:1729,2
DA:1731,4
DA:1732,2
DA:1735,0
DA:1737,0
DA:1738,0
LF:590
LH:449
end_of_record
SF:lib/src/widgets/primary_scroll_controller.dart
DA:21,77
DA:25,0
DA:26,77
DA:29,26
DA:33,26
DA:48,101
DA:49,101
DA:50,27
DA:53,44
DA:54,132
DA:56,0
DA:58,0
DA:59,0
LF:13
LH:9
end_of_record
SF:lib/src/widgets/scroll_activity.dart
DA:64,145
DA:67,290
DA:74,16
DA:75,32
DA:76,16
DA:87,1
DA:90,61
DA:91,122
DA:95,65
DA:96,130
DA:100,1
DA:101,2
DA:105,63
DA:106,126
DA:110,12
DA:128,145
DA:130,145
DA:133,45
DA:134,45
DA:145,290
DA:147,145
DA:149,290
DA:152,145
DA:155,145
DA:158,80
DA:185,80
DA:188,80
DA:193,80
DA:196,80
DA:199,0
DA:202,34
DA:204,68
DA:207,80
DA:209,80
DA:210,80
DA:211,80
DA:226,68
DA:232,0
DA:233,0
DA:235,17
DA:240,68
DA:241,68
DA:245,134
DA:267,64
DA:273,64
DA:280,268
DA:286,1
DA:287,2
DA:288,1
DA:293,64
DA:294,64
DA:295,3
DA:297,6
DA:299,0
DA:309,64
DA:315,63
DA:316,24
DA:317,9
DA:318,3
DA:320,1
DA:325,63
DA:330,32
DA:331,64
DA:333,16
DA:334,32
DA:340,550
DA:343,24
DA:344,12
DA:345,24
DA:354,64
DA:356,64
DA:357,64
DA:358,64
DA:359,64
DA:360,128
DA:365,128
DA:366,128
DA:367,64
DA:370,64
DA:371,5
DA:372,128
DA:375,65
DA:377,65
DA:381,130
DA:382,65
DA:383,6
DA:384,65
DA:387,81
DA:388,2
DA:389,130
DA:392,0
DA:394,0
DA:398,68
DA:400,68
DA:401,68
DA:402,68
DA:407,136
DA:410,28
DA:411,28
DA:424,68
DA:428,68
DA:432,68
DA:434,136
DA:435,68
DA:436,136
DA:439,62
DA:441,124
DA:442,62
DA:443,124
DA:446,29
DA:448,58
DA:449,29
DA:450,58
DA:453,59
DA:456,118
DA:457,59
DA:460,59
DA:461,59
DA:464,68
DA:467,68
DA:472,0
DA:475,68
DA:477,68
DA:478,68
DA:481,28
DA:483,84
DA:504,45
DA:508,45
DA:509,90
DA:510,90
DA:513,90
DA:514,45
DA:515,90
DA:518,19
DA:519,38
DA:523,0
DA:525,0
DA:528,8
DA:530,24
DA:533,44
DA:534,132
DA:535,10
DA:545,44
DA:547,132
DA:550,35
DA:551,70
DA:554,5
DA:556,15
DA:559,45
DA:562,45
DA:565,45
DA:567,90
DA:568,45
DA:571,9
DA:573,27
DA:591,31
DA:598,0
DA:599,0
DA:600,0
DA:601,31
DA:602,0
DA:603,31
DA:604,62
DA:605,62
DA:607,62
DA:610,62
DA:611,31
DA:612,62
DA:623,93
DA:625,25
DA:626,50
DA:628,31
DA:629,155
DA:630,10
DA:633,23
DA:634,69
DA:637,5
DA:639,15
DA:642,31
DA:645,31
DA:648,31
DA:650,62
DA:651,62
DA:652,31
DA:655,7
DA:657,21
LF:186
LH:173
end_of_record
SF:lib/src/widgets/viewport.dart
DA:52,109
DA:61,0
DA:62,0
DA:63,36
DA:64,109
DA:120,112
DA:121,0
DA:123,112
DA:124,16
DA:125,112
DA:127,109
DA:128,214
DA:129,8
DA:135,108
DA:137,108
DA:138,108
DA:139,322
DA:140,108
DA:141,108
DA:142,108
DA:146,47
DA:149,94
DA:150,188
DA:151,94
DA:152,94
DA:153,94
DA:156,109
DA:157,109
DA:159,0
DA:161,0
DA:162,0
DA:163,0
DA:164,0
DA:165,0
DA:166,0
DA:167,0
DA:168,0
DA:169,0
DA:176,218
DA:178,109
DA:179,109
DA:181,109
DA:182,109
DA:184,109
DA:186,109
DA:187,108
DA:190,49
DA:192,49
DA:193,49
DA:196,108
DA:198,216
DA:199,24
DA:200,36
DA:201,6
DA:202,214
DA:203,535
DA:205,2
DA:209,98
DA:211,294
DA:212,98
DA:213,196
DA:214,98
DA:251,11
DA:257,0
DA:258,11
DA:288,11
DA:290,11
DA:291,11
DA:292,33
DA:293,11
DA:297,4
DA:300,8
DA:301,16
DA:302,8
DA:305,0
DA:307,0
DA:308,0
DA:309,0
DA:310,0
LF:79
LH:60
end_of_record
SF:lib/src/widgets/orientation_builder.dart
DA:31,2
DA:34,0
DA:35,2
DA:45,2
DA:49,6
DA:50,2
DA:53,2
DA:55,4
LF:8
LH:7
end_of_record
SF:lib/src/widgets/overscroll_indicator.dart
DA:44,134
DA:52,0
DA:53,0
DA:54,0
DA:55,0
DA:56,0
DA:57,134
DA:87,402
DA:109,134
DA:110,134
DA:112,0
DA:114,0
DA:115,0
DA:117,0
DA:119,0
DA:121,0
DA:126,0
DA:127,0
DA:136,134
DA:138,134
DA:139,804
DA:140,804
DA:141,670
DA:144,68
DA:146,68
DA:147,540
DA:148,16
DA:149,16
DA:150,16
DA:151,16
DA:158,86
DA:159,172
DA:161,86
DA:163,70
DA:164,19
DA:165,52
DA:166,26
DA:168,0
DA:170,70
DA:171,70
DA:172,35
DA:173,70
DA:174,105
DA:176,0
DA:177,175
DA:178,70
DA:179,70
DA:180,10
DA:181,30
DA:183,58
DA:184,29
DA:185,58
DA:186,58
DA:187,0
DA:188,29
DA:189,29
DA:190,87
DA:191,58
DA:192,29
DA:193,32
DA:195,26
DA:196,208
DA:202,172
DA:203,86
DA:204,128
DA:205,128
DA:208,172
DA:212,133
DA:214,266
DA:215,266
DA:216,133
DA:219,134
DA:221,134
DA:222,134
DA:223,134
DA:224,134
DA:225,134
DA:226,402
DA:227,402
DA:228,268
DA:229,134
DA:231,134
DA:232,268
DA:244,3300
DA:247,134
DA:251,0
DA:252,0
DA:253,0
DA:256,268
DA:257,268
DA:258,134
DA:259,134
DA:261,268
DA:262,402
DA:263,402
DA:264,402
DA:287,40
DA:289,4
DA:290,4
DA:291,8
DA:293,1
DA:294,1
DA:297,8
DA:299,4
DA:300,4
DA:301,8
DA:303,3
DA:304,3
DA:307,68
DA:308,29
DA:309,29
DA:310,5
DA:311,45
DA:317,133
DA:323,133
DA:325,266
DA:326,266
DA:327,136
DA:328,133
DA:334,10
DA:335,10
DA:336,10
DA:337,10
DA:338,10
DA:339,42
DA:340,60
DA:341,40
DA:342,600
DA:343,60
DA:344,20
DA:345,10
DA:346,10
DA:360,29
DA:361,45
DA:362,87
DA:363,116
DA:364,753
DA:365,579
DA:366,116
DA:367,840
DA:368,58
DA:369,87
DA:370,24
DA:371,12
DA:372,24
DA:375,40
DA:376,20
DA:378,58
DA:379,58
DA:380,58
DA:381,29
DA:383,32
DA:384,15
DA:385,5
DA:388,68
DA:391,64
DA:392,128
DA:393,23
DA:396,35
DA:397,35
DA:399,22
DA:400,22
DA:401,9
DA:403,22
DA:404,21
DA:405,21
DA:407,5
DA:408,0
DA:413,34
DA:414,136
DA:416,62
DA:417,34
DA:418,136
DA:419,68
DA:420,136
DA:421,68
DA:422,68
DA:423,68
DA:424,34
DA:427,12
DA:428,12
DA:429,45
DA:430,108
DA:431,9
DA:433,48
DA:434,16
DA:435,8
DA:437,11
DA:441,133
DA:442,399
DA:444,93
DA:445,51
DA:446,601
DA:447,51
DA:448,34
DA:449,119
DA:450,102
DA:451,17
DA:452,17
DA:453,17
DA:454,17
DA:455,17
DA:460,134
DA:465,134
DA:482,133
DA:484,133
DA:487,133
DA:488,133
DA:489,116
DA:491,133
DA:492,116
DA:493,232
DA:494,232
DA:495,116
DA:496,116
DA:498,44
DA:499,44
DA:500,44
DA:501,88
DA:502,176
DA:503,44
DA:505,44
DA:506,44
DA:507,88
DA:508,44
DA:509,176
DA:510,44
DA:515,133
DA:517,399
DA:518,399
DA:521,68
DA:523,204
DA:524,204
DA:542,35
DA:553,1
DA:554,1
DA:557,0
DA:559,0
DA:560,0
LF:239
LH:216
end_of_record
SF:lib/src/widgets/page_storage.dart
DA:36,12
DA:40,44
DA:41,0
DA:45,132
DA:47,5
DA:49,15
DA:52,20
DA:53,25
DA:59,6
DA:60,12
DA:62,0
DA:64,0
DA:73,44
DA:74,44
DA:75,44
DA:76,44
DA:77,6
DA:78,44
DA:81,44
DA:82,44
DA:83,44
DA:84,88
DA:85,44
DA:91,44
DA:92,88
DA:105,44
DA:106,88
DA:108,2
DA:110,44
DA:111,44
DA:112,12
DA:124,80
DA:125,80
DA:128,2
DA:129,8
DA:130,18
DA:139,155
DA:143,0
DA:144,155
DA:163,146
DA:164,146
DA:165,80
DA:168,155
DA:169,155
LF:44
LH:40
end_of_record
SF:lib/src/widgets/page_view.dart
DA:125,10
DA:129,0
DA:130,0
DA:131,0
DA:132,10
DA:177,6
DA:179,12
DA:183,18
DA:187,6
DA:188,6
DA:197,6
DA:202,6
DA:203,6
DA:204,12
DA:214,3
DA:215,3
DA:216,9
DA:225,2
DA:226,8
DA:235,2
DA:236,8
DA:239,10
DA:241,10
DA:244,10
DA:245,10
DA:246,10
DA:251,10
DA:253,10
DA:255,20
DA:265,8
DA:272,8
DA:280,1
DA:289,1
DA:290,1
DA:291,1
DA:292,0
DA:293,1
DA:294,1
DA:295,1
DA:300,3
DA:301,565
DA:302,559
DA:312,10
DA:319,0
DA:320,0
DA:321,0
DA:322,10
DA:324,10
DA:325,10
DA:346,10
DA:353,11
DA:354,1
DA:356,10
DA:359,10
DA:360,10
DA:362,10
DA:363,20
DA:365,1
DA:366,1
DA:368,2
DA:371,9
DA:372,1127
DA:373,9
DA:374,27
DA:380,10
DA:381,40
DA:384,9
DA:387,27
DA:390,63
DA:393,8
DA:395,54
DA:398,10
DA:400,10
DA:401,48
DA:403,1
DA:407,10
DA:409,10
DA:410,10
DA:411,10
DA:412,14
DA:413,10
DA:415,10
DA:416,10
DA:417,10
DA:423,8
DA:432,8
DA:433,8
DA:434,8
DA:435,8
DA:436,8
DA:437,8
DA:438,8
DA:454,1100
DA:456,12
DA:458,24
DA:461,9
DA:462,9
DA:463,9
DA:464,0
DA:467,9
DA:468,9
DA:469,9
DA:470,0
DA:473,9
DA:474,9
DA:475,27
DA:476,3
DA:477,18
DA:478,5
DA:479,18
DA:482,11
DA:486,44
DA:487,36
DA:488,10
DA:489,9
DA:490,9
DA:491,18
DA:492,18
DA:496,11
DA:504,15
DA:505,550
DA:539,8
DA:549,4
DA:550,8
DA:551,8
DA:569,3
DA:580,1
DA:581,3
DA:582,3
DA:664,0
DA:674,0
DA:675,0
DA:676,0
DA:729,10
DA:730,10
DA:736,10
DA:738,10
DA:739,40
DA:742,10
DA:743,20
DA:744,10
DA:745,10
DA:746,10
DA:747,10
DA:748,21
DA:749,0
DA:750,0
DA:755,10
DA:757,10
DA:758,20
DA:759,30
DA:760,2
DA:762,10
DA:763,9
DA:764,37
DA:765,3
DA:766,6
DA:767,6
DA:768,3
DA:769,6
DA:774,10
DA:775,20
DA:777,20
DA:779,10
DA:780,10
DA:784,10
DA:785,10
DA:786,30
DA:787,20
DA:796,0
DA:798,0
DA:799,0
DA:800,0
DA:801,0
DA:802,0
DA:803,0
LF:176
LH:154
end_of_record
SF:lib/src/widgets/placeholder.dart
DA:11,54
DA:19,53
DA:21,53
DA:22,106
DA:23,53
DA:24,106
DA:25,53
DA:26,53
DA:27,53
DA:28,212
DA:29,212
DA:30,53
DA:33,2
DA:35,6
DA:36,6
DA:39,6
DA:54,56
DA:60,56
DA:84,54
DA:86,54
DA:87,54
DA:88,54
DA:89,54
DA:91,54
DA:92,54
DA:93,54
LF:26
LH:26
end_of_record
SF:lib/src/widgets/platform_view.dart
DA:65,1
DA:74,0
DA:75,0
DA:76,0
DA:77,1
DA:182,1
DA:183,1
DA:210,1
DA:219,0
DA:220,0
DA:221,0
DA:222,1
DA:295,1
DA:296,1
DA:306,2
DA:309,1
DA:311,1
DA:312,1
DA:313,1
DA:314,1
DA:315,1
DA:316,2
DA:317,3
DA:322,1
DA:323,1
DA:326,1
DA:327,1
DA:328,4
DA:331,1
DA:333,1
DA:334,1
DA:335,2
DA:336,1
DA:338,1
DA:342,3
DA:346,1
DA:348,1
DA:350,1
DA:351,2
DA:352,1
DA:354,4
DA:355,2
DA:356,1
DA:361,3
DA:365,1
DA:366,4
DA:367,4
DA:370,1
DA:372,2
DA:373,1
DA:376,1
DA:377,3
DA:378,2
DA:379,1
DA:380,2
DA:381,1
DA:382,2
DA:383,2
DA:384,1
DA:385,2
DA:388,2
DA:389,0
DA:393,1
DA:394,2
DA:398,3
DA:399,0
DA:411,1
DA:413,1
DA:414,1
DA:415,0
DA:433,2
DA:436,1
DA:438,1
DA:441,1
DA:442,1
DA:443,2
DA:444,3
DA:448,1
DA:449,1
DA:452,1
DA:453,1
DA:456,1
DA:458,1
DA:459,1
DA:460,2
DA:461,1
DA:463,1
DA:467,1
DA:471,1
DA:473,1
DA:475,1
DA:476,2
DA:477,1
DA:479,4
DA:480,2
DA:481,1
DA:486,0
DA:490,1
DA:491,2
DA:492,2
DA:495,1
DA:497,2
DA:498,1
DA:501,1
DA:502,2
DA:503,2
DA:505,2
DA:506,1
DA:507,2
DA:508,2
DA:510,1
DA:511,1
DA:514,2
DA:515,0
DA:517,3
DA:522,1
DA:527,0
DA:528,0
DA:529,0
DA:530,1
DA:536,1
DA:538,1
DA:539,1
DA:540,1
DA:541,1
DA:544,1
DA:546,2
DA:547,2
DA:548,2
DA:553,1
DA:558,0
DA:559,0
DA:560,0
DA:561,1
DA:567,1
DA:569,1
DA:570,1
DA:571,1
DA:572,1
DA:576,0
DA:578,0
DA:579,0
DA:580,0
LF:143
LH:122
end_of_record
SF:lib/src/widgets/raw_keyboard_listener.dart
DA:34,3
DA:39,0
DA:40,0
DA:41,3
DA:54,3
DA:55,3
DA:57,0
DA:59,0
DA:60,0
DA:65,3
DA:67,3
DA:68,12
DA:71,3
DA:73,3
DA:74,12
DA:75,0
DA:76,0
DA:80,3
DA:82,12
DA:83,3
DA:84,3
DA:87,3
DA:88,9
DA:89,3
DA:91,0
DA:96,3
DA:97,3
DA:99,9
DA:100,3
DA:103,3
DA:104,3
DA:106,9
DA:107,3
DA:110,3
DA:111,6
DA:112,6
DA:115,3
DA:116,15
LF:38
LH:30
end_of_record
SF:lib/src/widgets/safe_area.dart
DA:41,53
DA:50,0
DA:51,0
DA:52,0
DA:53,0
DA:54,53
DA:94,53
DA:96,53
DA:97,53
DA:98,53
DA:100,319
DA:101,3
DA:103,53
DA:104,53
DA:105,762
DA:106,752
DA:107,762
DA:108,748
DA:110,53
DA:112,53
DA:113,53
DA:114,53
DA:115,53
DA:116,53
DA:121,0
DA:123,0
DA:124,0
DA:125,0
DA:126,0
DA:127,0
DA:155,1
DA:163,0
DA:164,0
DA:165,0
DA:166,0
DA:167,1
DA:193,1
DA:195,1
DA:196,2
DA:197,1
DA:198,1
DA:199,554
DA:200,554
DA:201,554
DA:202,554
DA:204,1
DA:206,1
DA:207,1
DA:208,1
DA:209,1
DA:210,1
DA:215,0
DA:217,0
DA:218,0
DA:219,0
DA:220,0
DA:221,0
LF:57
LH:37
end_of_record
SF:lib/src/widgets/scrollbar.dart
DA:45,13
DA:56,0
DA:57,0
DA:58,0
DA:59,0
DA:60,0
DA:61,0
DA:62,0
DA:63,13
DA:64,6
DA:65,6
DA:66,0
DA:67,13
DA:69,39
DA:146,9
DA:150,9
DA:151,9
DA:152,9
DA:155,7
DA:156,14
DA:157,49
DA:160,7
DA:165,7
DA:166,14
DA:167,14
DA:168,8
DA:169,56
DA:172,1
DA:173,2
DA:174,2
DA:175,4
DA:176,8
DA:179,1
DA:180,2
DA:182,8
DA:184,1
DA:185,2
DA:187,8
DA:191,14
DA:192,7
DA:193,10
DA:195,12
DA:198,7
DA:209,21
DA:210,7
DA:212,550
DA:213,557
DA:214,7
DA:217,557
DA:218,13
DA:232,20
DA:236,7
DA:239,12
DA:241,36
DA:242,12
DA:245,12
DA:247,12
DA:248,8
DA:249,24
DA:252,16
DA:253,28
DA:255,16
DA:257,42
DA:260,28
DA:265,14
DA:266,21
DA:267,21
DA:269,16
DA:270,16
DA:272,21
DA:275,16
DA:276,35
DA:278,7
DA:279,49
DA:282,15
DA:283,21
DA:285,14
DA:289,8
DA:292,1
DA:295,3
DA:296,3
DA:297,3
DA:298,3
DA:299,3
DA:300,3
DA:301,3
DA:302,3
DA:303,3
DA:306,1
DA:309,12
LF:90
LH:82
end_of_record
SF:lib/src/widgets/shortcuts.dart
DA:36,1
DA:41,0
DA:45,2
DA:46,1
DA:47,1
DA:49,1
DA:52,2
DA:53,1
DA:54,1
DA:56,1
DA:59,2
DA:60,1
DA:61,1
DA:63,1
DA:65,3
DA:73,1
DA:74,0
DA:75,1
DA:76,1
DA:80,3
DA:83,1
DA:85,3
DA:89,8
DA:92,1
DA:94,2
DA:97,1
DA:99,1
DA:100,3
DA:122,1
DA:127,1
DA:134,2
DA:145,1
DA:148,0
DA:164,0
DA:166,1
DA:167,2
DA:170,2
DA:171,1
DA:172,1
DA:181,1
DA:187,1
DA:190,0
DA:191,3
DA:192,2
DA:198,2
DA:199,1
DA:200,1
DA:202,2
DA:204,0
DA:207,3
DA:210,4
DA:214,1
DA:219,0
DA:221,0
DA:222,0
DA:223,0
DA:240,1
DA:245,1
DA:268,1
DA:269,0
DA:270,1
DA:271,1
DA:276,0
DA:285,1
DA:286,1
DA:289,1
DA:290,1
DA:292,0
DA:294,0
DA:295,0
DA:296,0
DA:302,4
DA:304,1
DA:306,2
DA:307,1
DA:310,1
DA:312,1
DA:313,2
DA:314,2
DA:316,4
DA:319,0
DA:321,0
DA:322,0
DA:323,0
DA:324,0
DA:325,0
DA:327,0
DA:329,0
DA:333,1
DA:334,1
DA:337,5
DA:340,1
DA:342,1
DA:344,1
DA:345,1
DA:346,1
DA:347,2
DA:354,1
DA:357,0
DA:358,0
DA:359,1
LF:101
LH:75
end_of_record
SF:lib/src/widgets/single_child_scroll_view.dart
DA:198,40
DA:208,0
DA:209,0
DA:210,11
DA:215,40
DA:279,40
DA:280,120
DA:283,40
DA:285,40
DA:286,40
DA:287,40
DA:288,6
DA:289,40
DA:290,29
DA:291,17
DA:292,40
DA:293,40
DA:296,40
DA:297,40
DA:298,40
DA:305,40
DA:306,8
DA:312,40
DA:317,0
DA:318,40
DA:323,40
DA:325,40
DA:326,40
DA:327,40
DA:331,14
DA:335,28
DA:336,28
DA:341,40
DA:346,0
DA:347,0
DA:348,0
DA:352,40
DA:355,80
DA:357,14
DA:358,0
DA:359,28
DA:361,0
DA:362,0
DA:365,120
DA:367,80
DA:369,14
DA:370,0
DA:371,28
DA:373,6
DA:374,18
DA:375,6
DA:376,6
DA:377,18
DA:378,6
DA:382,48
DA:384,0
DA:385,0
DA:386,0
DA:388,0
DA:389,0
DA:392,17
DA:393,17
DA:394,17
DA:397,40
DA:401,80
DA:402,80
DA:405,40
DA:407,40
DA:408,120
DA:411,39
DA:413,117
DA:414,39
DA:417,40
DA:420,40
DA:421,40
DA:422,40
DA:423,40
DA:424,20
DA:425,33
DA:426,66
DA:431,40
DA:432,40
DA:436,40
DA:437,40
DA:438,40
DA:440,40
DA:441,40
DA:442,610
DA:443,33
DA:444,748
DA:449,40
DA:450,40
DA:451,40
DA:452,10
DA:453,33
DA:454,33
DA:459,39
DA:461,39
DA:462,78
DA:466,39
DA:468,39
DA:469,78
DA:473,39
DA:475,39
DA:476,78
DA:480,39
DA:482,39
DA:483,78
DA:492,40
DA:494,40
DA:495,0
DA:497,160
DA:498,200
DA:501,120
DA:502,160
DA:505,156
DA:507,39
DA:508,39
DA:509,39
DA:510,39
DA:511,24
DA:512,39
DA:513,64
DA:514,10
DA:515,40
DA:516,10
DA:517,20
DA:522,39
DA:523,39
DA:524,312
DA:527,39
DA:529,39
DA:530,39
DA:532,39
DA:533,117
DA:536,39
DA:537,156
DA:539,0
DA:544,27
DA:546,27
DA:547,81
DA:550,24
DA:552,48
DA:553,48
DA:557,22
DA:559,22
DA:560,22
DA:561,22
DA:563,22
DA:564,88
DA:565,44
DA:572,4
DA:574,3
DA:575,4
DA:576,0
DA:579,4
DA:580,4
DA:581,8
DA:587,4
DA:588,4
DA:589,4
DA:590,4
DA:591,6
DA:592,2
DA:594,4
DA:595,6
DA:596,3
DA:597,3
DA:599,4
DA:600,8
DA:601,4
DA:602,4
DA:604,2
DA:605,4
DA:606,6
DA:607,2
DA:611,12
DA:612,8
DA:613,4
DA:616,2
DA:623,4
DA:624,0
DA:632,2
DA:635,2
DA:640,2
DA:647,24
DA:649,24
DA:650,24
DA:651,24
DA:652,18
DA:653,36
DA:654,72
DA:655,36
DA:656,72
DA:658,8
DA:659,8
DA:660,32
DA:661,16
DA:662,32
DA:663,16
LF:200
LH:181
end_of_record
SF:lib/src/widgets/size_changed_layout_notifier.dart
DA:55,1
DA:58,1
DA:60,1
DA:62,1
DA:63,1
DA:64,2
DA:71,1
DA:74,0
DA:75,1
DA:86,1
DA:88,1
DA:91,4
DA:92,1
DA:93,2
LF:14
LH:13
end_of_record
SF:lib/src/widgets/sliver_prototype_extent_list.dart
DA:38,1
DA:42,0
DA:43,1
DA:53,1
DA:56,1
DA:59,1
DA:60,1
DA:64,2
DA:66,1
DA:67,1
DA:69,1
DA:70,1
DA:73,3
DA:75,1
DA:77,2
DA:78,1
DA:79,2
DA:81,1
DA:85,1
DA:87,3
DA:88,1
DA:91,0
DA:93,0
DA:94,0
DA:96,0
DA:99,1
DA:101,3
DA:102,0
DA:104,1
DA:107,1
DA:109,1
DA:110,2
DA:111,1
DA:114,1
DA:116,1
DA:117,6
DA:120,1
DA:122,1
DA:123,2
DA:124,6
DA:129,1
DA:131,1
DA:134,2
DA:135,1
DA:136,1
DA:137,0
DA:138,1
DA:139,1
DA:140,2
DA:141,1
DA:144,1
DA:146,4
DA:147,1
DA:150,1
DA:152,1
DA:153,1
DA:154,0
DA:157,1
DA:159,1
DA:160,1
DA:161,2
DA:164,1
DA:166,1
DA:167,0
DA:168,1
DA:171,1
DA:173,1
DA:174,2
DA:175,1
DA:178,1
DA:180,3
DA:181,9
LF:72
LH:63
end_of_record
SF:lib/src/widgets/spacer.dart
DA:47,1
DA:48,0
DA:49,1
DA:50,1
DA:61,1
DA:63,1
DA:64,1
LF:7
LH:6
end_of_record
SF:lib/src/widgets/status_transitions.dart
DA:13,1
DA:16,0
DA:17,1
DA:26,1
DA:27,1
DA:31,1
DA:33,1
DA:34,4
DA:37,1
DA:39,1
DA:40,4
DA:41,3
DA:42,4
DA:46,1
DA:48,4
DA:49,1
DA:52,1
DA:53,2
DA:58,1
DA:60,2
LF:20
LH:19
end_of_record
SF:lib/src/widgets/visibility.dart
DA:53,17
DA:63,0
DA:64,0
DA:65,0
DA:66,0
DA:67,0
DA:68,0
DA:69,32
DA:70,32
DA:71,32
DA:72,32
DA:73,17
DA:201,17
DA:203,17
DA:204,3
DA:205,3
DA:206,3
DA:207,3
DA:208,3
DA:209,6
DA:212,3
DA:213,3
DA:214,3
DA:218,15
DA:219,15
DA:220,15
DA:221,15
DA:222,1
DA:223,1
DA:224,3
DA:225,1
DA:227,1
DA:230,15
DA:231,15
DA:232,38
DA:235,0
DA:237,0
DA:238,0
DA:239,0
DA:240,0
DA:241,0
DA:242,0
DA:243,0
LF:43
LH:29
end_of_record
SF:lib/src/widgets/texture.dart
DA:37,0
DA:40,0
DA:41,0
DA:46,0
DA:47,0
DA:49,0
DA:51,0
LF:7
LH:0
end_of_record
SF:lib/src/widgets/unique_widget.dart
DA:25,1
DA:27,0
DA:28,1
DA:36,1
DA:37,1
DA:38,1
LF:6
LH:5
end_of_record
SF:lib/src/widgets/value_listenable_builder.dart
DA:117,7
DA:121,0
DA:122,0
DA:149,7
DA:150,7
DA:156,7
DA:158,7
DA:159,28
DA:160,28
DA:163,7
DA:165,28
DA:166,3
DA:167,4
DA:168,4
DA:170,7
DA:173,7
DA:175,28
DA:176,7
DA:179,4
DA:180,24
DA:183,7
DA:185,28
LF:22
LH:20
end_of_record
